{"contracts/ConopsManager.sol":{"l":{"22":28,"23":27,"27":183,"55":25,"57":25,"58":25,"59":25,"60":25,"61":25,"62":25,"63":25,"64":25,"65":25,"66":50,"69":25,"71":25,"82":1,"83":1,"87":1,"89":1,"90":1,"101":1,"102":1,"106":1,"108":1,"120":27,"127":2},"path":"/Users/deyibanh/Documents/Professionnel/Alyra/Applications/alyra-final-project/contracts/ConopsManager.sol","s":{"1":28,"2":183,"3":25,"4":25,"5":25,"6":25,"7":25,"8":25,"9":25,"10":25,"11":25,"12":25,"13":50,"14":25,"15":25,"16":1,"17":1,"18":1,"19":1,"20":1,"21":1,"22":1,"23":1,"24":27,"25":2},"b":{"1":[27,1],"2":[1,0],"3":[1,0],"4":[1,0],"5":[1,0]},"f":{"1":28,"2":183,"3":25,"4":1,"5":1,"6":27,"7":2},"fnMap":{"1":{"name":"onlyRole","line":21,"loc":{"start":{"line":21,"column":4},"end":{"line":24,"column":4}}},"2":{"name":"constructor","line":26,"loc":{"start":{"line":26,"column":4},"end":{"line":28,"column":4}}},"3":{"name":"addConops","line":52,"loc":{"start":{"line":41,"column":4},"end":{"line":72,"column":4}}},"4":{"name":"disable","line":80,"loc":{"start":{"line":78,"column":4},"end":{"line":91,"column":4}}},"5":{"name":"enable","line":99,"loc":{"start":{"line":97,"column":4},"end":{"line":109,"column":4}}},"6":{"name":"viewConops","line":115,"loc":{"start":{"line":115,"column":4},"end":{"line":121,"column":4}}},"7":{"name":"viewAllConops","line":126,"loc":{"start":{"line":126,"column":4},"end":{"line":128,"column":4}}}},"statementMap":{"1":{"start":{"line":22,"column":8},"end":{"line":22,"column":74}},"2":{"start":{"line":27,"column":8},"end":{"line":27,"column":59}},"3":{"start":{"line":55,"column":8},"end":{"line":55,"column":84}},"4":{"start":{"line":57,"column":8},"end":{"line":57,"column":36}},"5":{"start":{"line":58,"column":8},"end":{"line":58,"column":32}},"6":{"start":{"line":59,"column":8},"end":{"line":59,"column":50}},"7":{"start":{"line":60,"column":8},"end":{"line":60,"column":40}},"8":{"start":{"line":61,"column":8},"end":{"line":61,"column":42}},"9":{"start":{"line":62,"column":8},"end":{"line":62,"column":50}},"10":{"start":{"line":63,"column":8},"end":{"line":63,"column":30}},"11":{"start":{"line":64,"column":8},"end":{"line":64,"column":30}},"12":{"start":{"line":65,"column":8},"end":{"line":65,"column":2326}},"13":{"start":{"line":66,"column":12},"end":{"line":66,"column":54}},"14":{"start":{"line":69,"column":8},"end":{"line":69,"column":45}},"15":{"start":{"line":71,"column":8},"end":{"line":71,"column":43}},"16":{"start":{"line":82,"column":8},"end":{"line":82,"column":76}},"17":{"start":{"line":83,"column":8},"end":{"line":83,"column":2892}},"18":{"start":{"line":87,"column":8},"end":{"line":87,"column":52}},"19":{"start":{"line":89,"column":8},"end":{"line":89,"column":37}},"20":{"start":{"line":101,"column":8},"end":{"line":101,"column":76}},"21":{"start":{"line":102,"column":8},"end":{"line":102,"column":3471}},"22":{"start":{"line":106,"column":8},"end":{"line":106,"column":51}},"23":{"start":{"line":108,"column":8},"end":{"line":108,"column":36}},"24":{"start":{"line":120,"column":8},"end":{"line":120,"column":42}},"25":{"start":{"line":127,"column":8},"end":{"line":127,"column":31}}},"branchMap":{"1":{"line":22,"type":"if","locations":[{"start":{"line":22,"column":8},"end":{"line":22,"column":8}},{"start":{"line":22,"column":8},"end":{"line":22,"column":8}}]},"2":{"line":82,"type":"if","locations":[{"start":{"line":82,"column":8},"end":{"line":82,"column":8}},{"start":{"line":82,"column":8},"end":{"line":82,"column":8}}]},"3":{"line":83,"type":"if","locations":[{"start":{"line":83,"column":8},"end":{"line":83,"column":8}},{"start":{"line":83,"column":8},"end":{"line":83,"column":8}}]},"4":{"line":101,"type":"if","locations":[{"start":{"line":101,"column":8},"end":{"line":101,"column":8}},{"start":{"line":101,"column":8},"end":{"line":101,"column":8}}]},"5":{"line":102,"type":"if","locations":[{"start":{"line":102,"column":8},"end":{"line":102,"column":8}},{"start":{"line":102,"column":8},"end":{"line":102,"column":8}}]}}},"contracts/DeliveryManager.sol":{"l":{"30":25,"31":25,"37":177,"52":25,"53":25,"54":25,"55":25,"56":25,"57":25,"58":25,"60":25,"62":25,"74":25,"75":25,"82":25,"84":25,"98":2,"100":2,"101":2,"111":2,"122":25,"124":25,"125":25,"130":25,"131":25,"132":25,"143":2},"path":"/Users/deyibanh/Documents/Professionnel/Alyra/Applications/alyra-final-project/contracts/DeliveryManager.sol","s":{"1":25,"2":177,"3":25,"4":25,"5":25,"6":25,"7":25,"8":25,"9":25,"10":25,"11":25,"12":25,"13":25,"14":25,"15":25,"16":2,"17":2,"18":2,"19":2,"20":25,"21":25,"22":25,"23":25,"24":25,"25":25,"26":2},"b":{"1":[25,0],"2":[25,0],"3":[25,0],"4":[25,0],"5":[25,0],"6":[25,0],"7":[25,0],"8":[25,0],"9":[2,0],"10":[2,0],"11":[25,0],"12":[25,0]},"f":{"1":25,"2":177,"3":25,"4":2,"5":25,"6":2},"fnMap":{"1":{"name":"onlyRole","line":29,"loc":{"start":{"line":29,"column":4},"end":{"line":32,"column":4}}},"2":{"name":"constructor","line":36,"loc":{"start":{"line":36,"column":4},"end":{"line":38,"column":4}}},"3":{"name":"newDelivery","line":49,"loc":{"start":{"line":47,"column":4},"end":{"line":85,"column":4}}},"4":{"name":"getDelivery","line":91,"loc":{"start":{"line":91,"column":4},"end":{"line":112,"column":4}}},"5":{"name":"setDeliveryState","line":118,"loc":{"start":{"line":118,"column":4},"end":{"line":137,"column":4}}},"6":{"name":"getAllDeliveries","line":142,"loc":{"start":{"line":142,"column":4},"end":{"line":144,"column":4}}}},"statementMap":{"1":{"start":{"line":30,"column":8},"end":{"line":30,"column":74}},"2":{"start":{"line":37,"column":8},"end":{"line":37,"column":59}},"3":{"start":{"line":52,"column":8},"end":{"line":52,"column":76}},"4":{"start":{"line":53,"column":8},"end":{"line":53,"column":62}},"5":{"start":{"line":54,"column":8},"end":{"line":54,"column":64}},"6":{"start":{"line":55,"column":8},"end":{"line":55,"column":58}},"7":{"start":{"line":56,"column":8},"end":{"line":56,"column":60}},"8":{"start":{"line":57,"column":8},"end":{"line":57,"column":55}},"9":{"start":{"line":58,"column":8},"end":{"line":58,"column":51}},"10":{"start":{"line":60,"column":8},"end":{"line":60,"column":45}},"11":{"start":{"line":62,"column":8},"end":{"line":62,"column":2215}},"12":{"start":{"line":74,"column":8},"end":{"line":74,"column":33}},"13":{"start":{"line":75,"column":8},"end":{"line":75,"column":68}},"14":{"start":{"line":82,"column":8},"end":{"line":82,"column":50}},"15":{"start":{"line":84,"column":8},"end":{"line":84,"column":35}},"16":{"start":{"line":98,"column":8},"end":{"line":98,"column":55}},"17":{"start":{"line":100,"column":8},"end":{"line":100,"column":65}},"18":{"start":{"line":101,"column":8},"end":{"line":101,"column":3529}},"19":{"start":{"line":111,"column":8},"end":{"line":111,"column":35}},"20":{"start":{"line":122,"column":8},"end":{"line":122,"column":55}},"21":{"start":{"line":124,"column":8},"end":{"line":124,"column":65}},"22":{"start":{"line":125,"column":8},"end":{"line":125,"column":4258}},"23":{"start":{"line":130,"column":8},"end":{"line":130,"column":59}},"24":{"start":{"line":131,"column":8},"end":{"line":131,"column":50}},"25":{"start":{"line":132,"column":8},"end":{"line":132,"column":4503}},"26":{"start":{"line":143,"column":8},"end":{"line":143,"column":25}}},"branchMap":{"1":{"line":30,"type":"if","locations":[{"start":{"line":30,"column":8},"end":{"line":30,"column":8}},{"start":{"line":30,"column":8},"end":{"line":30,"column":8}}]},"2":{"line":52,"type":"if","locations":[{"start":{"line":52,"column":8},"end":{"line":52,"column":8}},{"start":{"line":52,"column":8},"end":{"line":52,"column":8}}]},"3":{"line":53,"type":"if","locations":[{"start":{"line":53,"column":8},"end":{"line":53,"column":8}},{"start":{"line":53,"column":8},"end":{"line":53,"column":8}}]},"4":{"line":54,"type":"if","locations":[{"start":{"line":54,"column":8},"end":{"line":54,"column":8}},{"start":{"line":54,"column":8},"end":{"line":54,"column":8}}]},"5":{"line":55,"type":"if","locations":[{"start":{"line":55,"column":8},"end":{"line":55,"column":8}},{"start":{"line":55,"column":8},"end":{"line":55,"column":8}}]},"6":{"line":56,"type":"if","locations":[{"start":{"line":56,"column":8},"end":{"line":56,"column":8}},{"start":{"line":56,"column":8},"end":{"line":56,"column":8}}]},"7":{"line":57,"type":"if","locations":[{"start":{"line":57,"column":8},"end":{"line":57,"column":8}},{"start":{"line":57,"column":8},"end":{"line":57,"column":8}}]},"8":{"line":58,"type":"if","locations":[{"start":{"line":58,"column":8},"end":{"line":58,"column":8}},{"start":{"line":58,"column":8},"end":{"line":58,"column":8}}]},"9":{"line":100,"type":"if","locations":[{"start":{"line":100,"column":8},"end":{"line":100,"column":8}},{"start":{"line":100,"column":8},"end":{"line":100,"column":8}}]},"10":{"line":101,"type":"if","locations":[{"start":{"line":101,"column":8},"end":{"line":101,"column":8}},{"start":{"line":101,"column":8},"end":{"line":101,"column":8}}]},"11":{"line":124,"type":"if","locations":[{"start":{"line":124,"column":8},"end":{"line":124,"column":8}},{"start":{"line":124,"column":8},"end":{"line":124,"column":8}}]},"12":{"line":125,"type":"if","locations":[{"start":{"line":125,"column":8},"end":{"line":125,"column":8}},{"start":{"line":125,"column":8},"end":{"line":125,"column":8}}]}}},"contracts/DroneDelivery.sol":{"l":{"31":24,"32":24,"33":24,"44":24,"45":24,"46":24,"47":24,"53":24,"63":0,"70":10,"71":9,"72":9,"74":9,"81":2,"82":1,"84":1,"91":7,"98":2,"119":0,"136":43},"path":"/Users/deyibanh/Documents/Professionnel/Alyra/Applications/alyra-final-project/contracts/DroneDelivery.sol","s":{"1":24,"2":24,"3":24,"4":24,"5":24,"6":24,"7":24,"8":24,"9":0,"10":10,"11":9,"12":9,"13":9,"14":2,"15":1,"16":1,"17":7,"18":2,"19":0,"20":43},"b":{"1":[24,0],"2":[9,1],"3":[1,1]},"f":{"1":24,"2":24,"3":0,"4":10,"5":2,"6":7,"7":2,"8":0,"9":43},"fnMap":{"1":{"name":"constructor","line":29,"loc":{"start":{"line":21,"column":4},"end":{"line":34,"column":4}}},"2":{"name":"initDelivery","line":42,"loc":{"start":{"line":40,"column":4},"end":{"line":57,"column":4}}},"3":{"name":"getDeliveryId","line":62,"loc":{"start":{"line":62,"column":4},"end":{"line":64,"column":4}}},"4":{"name":"pickUp","line":69,"loc":{"start":{"line":69,"column":4},"end":{"line":75,"column":4}}},"5":{"name":"deliver","line":80,"loc":{"start":{"line":80,"column":4},"end":{"line":85,"column":4}}},"6":{"name":"isParcelPickedUp","line":90,"loc":{"start":{"line":90,"column":4},"end":{"line":92,"column":4}}},"7":{"name":"isParcelDelivered","line":97,"loc":{"start":{"line":97,"column":4},"end":{"line":99,"column":4}}},"8":{"name":"flightInfoDisplay","line":104,"loc":{"start":{"line":104,"column":4},"end":{"line":130,"column":4}}},"9":{"name":"_customAllowToFlight","line":135,"loc":{"start":{"line":135,"column":4},"end":{"line":137,"column":4}}}},"statementMap":{"1":{"start":{"line":31,"column":8},"end":{"line":31,"column":41}},"2":{"start":{"line":32,"column":8},"end":{"line":32,"column":41}},"3":{"start":{"line":33,"column":8},"end":{"line":33,"column":31}},"4":{"start":{"line":44,"column":8},"end":{"line":44,"column":46}},"5":{"start":{"line":45,"column":8},"end":{"line":45,"column":27}},"6":{"start":{"line":46,"column":8},"end":{"line":46,"column":20}},"7":{"start":{"line":47,"column":8},"end":{"line":47,"column":1411}},"8":{"start":{"line":53,"column":8},"end":{"line":53,"column":1583}},"9":{"start":{"line":63,"column":8},"end":{"line":63,"column":25}},"10":{"start":{"line":70,"column":8},"end":{"line":70,"column":63}},"11":{"start":{"line":71,"column":8},"end":{"line":71,"column":33}},"12":{"start":{"line":72,"column":8},"end":{"line":72,"column":23}},"13":{"start":{"line":74,"column":8},"end":{"line":74,"column":29}},"14":{"start":{"line":81,"column":8},"end":{"line":81,"column":66}},"15":{"start":{"line":82,"column":8},"end":{"line":82,"column":34}},"16":{"start":{"line":84,"column":8},"end":{"line":84,"column":30}},"17":{"start":{"line":91,"column":8},"end":{"line":91,"column":34}},"18":{"start":{"line":98,"column":8},"end":{"line":98,"column":35}},"19":{"start":{"line":119,"column":8},"end":{"line":119,"column":3229}},"20":{"start":{"line":136,"column":8},"end":{"line":136,"column":34}}},"branchMap":{"1":{"line":44,"type":"if","locations":[{"start":{"line":44,"column":8},"end":{"line":44,"column":8}},{"start":{"line":44,"column":8},"end":{"line":44,"column":8}}]},"2":{"line":70,"type":"if","locations":[{"start":{"line":70,"column":8},"end":{"line":70,"column":8}},{"start":{"line":70,"column":8},"end":{"line":70,"column":8}}]},"3":{"line":81,"type":"if","locations":[{"start":{"line":81,"column":8},"end":{"line":81,"column":8}},{"start":{"line":81,"column":8},"end":{"line":81,"column":8}}]}}},"contracts/DroneFlight.sol":{"l":{"40":76,"41":73,"102":24,"103":24,"112":24,"113":24,"114":24,"116":24,"117":24,"118":24,"119":24,"120":24,"133":19,"134":19,"135":19,"137":19,"148":1,"149":1,"151":1,"163":2,"175":2,"184":1,"185":1,"186":1,"187":1,"189":1,"198":2,"209":1,"221":2,"232":13,"233":13,"234":13,"236":13,"247":1,"248":1,"249":1,"251":1,"262":2,"271":1,"276":1,"277":1,"278":1,"280":1,"291":12,"295":12,"300":12,"301":11,"302":10,"306":10,"310":9,"312":8,"313":8,"314":6,"316":2,"319":8,"325":6,"326":5,"328":1,"331":6,"338":7,"345":9,"355":24,"358":24,"359":48,"360":48,"361":48,"370":6,"378":2,"385":43,"386":43,"388":43,"395":43,"397":43,"402":43,"403":1,"405":42,"406":84,"407":17,"412":43},"path":"/Users/deyibanh/Documents/Professionnel/Alyra/Applications/alyra-final-project/contracts/DroneFlight.sol","s":{"1":76,"2":24,"3":24,"4":24,"5":24,"6":24,"7":24,"8":24,"9":24,"10":24,"11":24,"12":19,"13":19,"14":19,"15":19,"16":1,"17":1,"18":1,"19":2,"20":2,"21":1,"22":1,"23":1,"24":1,"25":1,"26":2,"27":1,"28":2,"29":13,"30":13,"31":13,"32":13,"33":1,"34":1,"35":1,"36":1,"37":2,"38":1,"39":1,"40":1,"41":1,"42":1,"43":12,"44":12,"45":12,"46":11,"47":10,"48":10,"49":9,"50":8,"51":8,"52":6,"53":2,"54":8,"55":6,"56":5,"57":1,"58":6,"59":7,"60":9,"61":24,"62":24,"63":48,"64":48,"65":48,"66":6,"67":2,"68":43,"69":43,"70":43,"71":43,"72":43,"73":43,"74":1,"75":42,"76":84,"77":17,"78":43},"b":{"1":[73,3],"2":[19,0],"3":[1,0],"4":[13,0],"5":[1,0],"6":[1,0],"7":[11,1],"8":[10,1],"9":[10,0],"10":[9,1],"11":[8,1],"12":[6,2],"13":[6,2],"14":[5,1],"15":[1,42],"16":[17,67]},"f":{"1":76,"2":24,"3":24,"4":19,"5":1,"6":2,"7":2,"8":1,"9":2,"10":1,"11":2,"12":13,"13":1,"14":2,"15":1,"16":12,"17":7,"18":9,"19":24,"20":6,"21":2,"22":43,"23":43},"fnMap":{"1":{"name":"onlyRole","line":39,"loc":{"start":{"line":39,"column":4},"end":{"line":42,"column":4}}},"2":{"name":"constructor","line":99,"loc":{"start":{"line":99,"column":4},"end":{"line":104,"column":4}}},"3":{"name":"setFlightData","line":111,"loc":{"start":{"line":111,"column":4},"end":{"line":121,"column":4}}},"4":{"name":"preFlightChecks","line":131,"loc":{"start":{"line":129,"column":4},"end":{"line":138,"column":4}}},"5":{"name":"postFlightChecks","line":146,"loc":{"start":{"line":144,"column":4},"end":{"line":152,"column":4}}},"6":{"name":"getPreFlightChecks","line":158,"loc":{"start":{"line":158,"column":4},"end":{"line":164,"column":4}}},"7":{"name":"getPostFlightChecks","line":170,"loc":{"start":{"line":170,"column":4},"end":{"line":176,"column":4}}},"8":{"name":"addCheckpoint","line":183,"loc":{"start":{"line":183,"column":4},"end":{"line":190,"column":4}}},"9":{"name":"getCheckpoints","line":197,"loc":{"start":{"line":197,"column":4},"end":{"line":199,"column":4}}},"10":{"name":"newRiskEvent","line":207,"loc":{"start":{"line":205,"column":4},"end":{"line":210,"column":4}}},"11":{"name":"viewRiskEvent","line":216,"loc":{"start":{"line":216,"column":4},"end":{"line":222,"column":4}}},"12":{"name":"validateAirRisk","line":230,"loc":{"start":{"line":228,"column":4},"end":{"line":237,"column":4}}},"13":{"name":"cancelAirRisk","line":245,"loc":{"start":{"line":243,"column":4},"end":{"line":252,"column":4}}},"14":{"name":"viewAirRisks","line":257,"loc":{"start":{"line":257,"column":4},"end":{"line":263,"column":4}}},"15":{"name":"cancelFlight","line":270,"loc":{"start":{"line":270,"column":4},"end":{"line":281,"column":4}}},"16":{"name":"changeFlightStatus","line":290,"loc":{"start":{"line":290,"column":4},"end":{"line":332,"column":4}}},"17":{"name":"viewDroneFlightstatus","line":337,"loc":{"start":{"line":337,"column":4},"end":{"line":339,"column":4}}},"18":{"name":"viewPilotFlightstatus","line":344,"loc":{"start":{"line":344,"column":4},"end":{"line":346,"column":4}}},"19":{"name":"_setupAirRisk","line":354,"loc":{"start":{"line":354,"column":4},"end":{"line":363,"column":4}}},"20":{"name":"_changeDroneFlightState","line":369,"loc":{"start":{"line":369,"column":4},"end":{"line":371,"column":4}}},"21":{"name":"_changePilotFlightState","line":377,"loc":{"start":{"line":377,"column":4},"end":{"line":379,"column":4}}},"22":{"name":"_allowToFlight","line":384,"loc":{"start":{"line":384,"column":4},"end":{"line":389,"column":4}}},"23":{"name":"_standardAllowToFlight","line":394,"loc":{"start":{"line":394,"column":4},"end":{"line":413,"column":4}}}},"statementMap":{"1":{"start":{"line":40,"column":8},"end":{"line":40,"column":74}},"2":{"start":{"line":102,"column":8},"end":{"line":102,"column":53}},"3":{"start":{"line":103,"column":8},"end":{"line":103,"column":60}},"4":{"start":{"line":112,"column":8},"end":{"line":112,"column":32}},"5":{"start":{"line":113,"column":8},"end":{"line":113,"column":32}},"6":{"start":{"line":114,"column":8},"end":{"line":114,"column":38}},"7":{"start":{"line":116,"column":8},"end":{"line":116,"column":34}},"8":{"start":{"line":117,"column":8},"end":{"line":117,"column":44}},"9":{"start":{"line":118,"column":8},"end":{"line":118,"column":50}},"10":{"start":{"line":119,"column":8},"end":{"line":119,"column":50}},"11":{"start":{"line":120,"column":8},"end":{"line":120,"column":22}},"12":{"start":{"line":133,"column":8},"end":{"line":133,"column":67}},"13":{"start":{"line":134,"column":8},"end":{"line":134,"column":45}},"14":{"start":{"line":135,"column":8},"end":{"line":135,"column":23}},"15":{"start":{"line":137,"column":8},"end":{"line":137,"column":39}},"16":{"start":{"line":148,"column":8},"end":{"line":148,"column":68}},"17":{"start":{"line":149,"column":8},"end":{"line":149,"column":46}},"18":{"start":{"line":151,"column":8},"end":{"line":151,"column":40}},"19":{"start":{"line":163,"column":8},"end":{"line":163,"column":46}},"20":{"start":{"line":175,"column":8},"end":{"line":175,"column":47}},"21":{"start":{"line":184,"column":8},"end":{"line":184,"column":36}},"22":{"start":{"line":185,"column":8},"end":{"line":185,"column":38}},"23":{"start":{"line":186,"column":8},"end":{"line":186,"column":40}},"24":{"start":{"line":187,"column":8},"end":{"line":187,"column":35}},"25":{"start":{"line":189,"column":8},"end":{"line":189,"column":40}},"26":{"start":{"line":198,"column":8},"end":{"line":198,"column":26}},"27":{"start":{"line":209,"column":8},"end":{"line":209,"column":29}},"28":{"start":{"line":221,"column":8},"end":{"line":221,"column":34}},"29":{"start":{"line":232,"column":8},"end":{"line":232,"column":76}},"30":{"start":{"line":233,"column":8},"end":{"line":233,"column":44}},"31":{"start":{"line":234,"column":8},"end":{"line":234,"column":23}},"32":{"start":{"line":236,"column":8},"end":{"line":236,"column":41}},"33":{"start":{"line":247,"column":8},"end":{"line":247,"column":74}},"34":{"start":{"line":248,"column":8},"end":{"line":248,"column":45}},"35":{"start":{"line":249,"column":8},"end":{"line":249,"column":23}},"36":{"start":{"line":251,"column":8},"end":{"line":251,"column":40}},"37":{"start":{"line":262,"column":8},"end":{"line":262,"column":23}},"38":{"start":{"line":271,"column":8},"end":{"line":271,"column":7480}},"39":{"start":{"line":276,"column":8},"end":{"line":276,"column":46}},"40":{"start":{"line":277,"column":8},"end":{"line":277,"column":46}},"41":{"start":{"line":278,"column":8},"end":{"line":278,"column":23}},"42":{"start":{"line":280,"column":8},"end":{"line":280,"column":27}},"43":{"start":{"line":291,"column":8},"end":{"line":291,"column":8111}},"44":{"start":{"line":295,"column":8},"end":{"line":295,"column":8232}},"45":{"start":{"line":300,"column":8},"end":{"line":300,"column":52}},"46":{"start":{"line":301,"column":8},"end":{"line":301,"column":61}},"47":{"start":{"line":302,"column":8},"end":{"line":302,"column":8472}},"48":{"start":{"line":306,"column":8},"end":{"line":306,"column":8596}},"49":{"start":{"line":310,"column":8},"end":{"line":310,"column":56}},"50":{"start":{"line":312,"column":8},"end":{"line":312,"column":29}},"51":{"start":{"line":313,"column":8},"end":{"line":313,"column":8812}},"52":{"start":{"line":314,"column":12},"end":{"line":314,"column":39}},"53":{"start":{"line":316,"column":12},"end":{"line":316,"column":39}},"54":{"start":{"line":319,"column":8},"end":{"line":319,"column":8947}},"55":{"start":{"line":325,"column":8},"end":{"line":325,"column":9137}},"56":{"start":{"line":326,"column":12},"end":{"line":326,"column":56}},"57":{"start":{"line":328,"column":12},"end":{"line":328,"column":56}},"58":{"start":{"line":331,"column":8},"end":{"line":331,"column":53}},"59":{"start":{"line":338,"column":8},"end":{"line":338,"column":31}},"60":{"start":{"line":345,"column":8},"end":{"line":345,"column":31}},"61":{"start":{"line":355,"column":8},"end":{"line":355,"column":9935}},"62":{"start":{"line":358,"column":8},"end":{"line":358,"column":10052}},"63":{"start":{"line":359,"column":12},"end":{"line":359,"column":70}},"64":{"start":{"line":360,"column":12},"end":{"line":360,"column":52}},"65":{"start":{"line":361,"column":12},"end":{"line":361,"column":60}},"66":{"start":{"line":370,"column":8},"end":{"line":370,"column":32}},"67":{"start":{"line":378,"column":8},"end":{"line":378,"column":32}},"68":{"start":{"line":385,"column":8},"end":{"line":385,"column":55}},"69":{"start":{"line":386,"column":8},"end":{"line":386,"column":51}},"70":{"start":{"line":388,"column":8},"end":{"line":388,"column":59}},"71":{"start":{"line":395,"column":8},"end":{"line":395,"column":27}},"72":{"start":{"line":397,"column":8},"end":{"line":397,"column":11265}},"73":{"start":{"line":402,"column":8},"end":{"line":402,"column":11393}},"74":{"start":{"line":403,"column":12},"end":{"line":403,"column":26}},"75":{"start":{"line":405,"column":12},"end":{"line":405,"column":11503}},"76":{"start":{"line":406,"column":16},"end":{"line":406,"column":11571}},"77":{"start":{"line":407,"column":20},"end":{"line":407,"column":34}},"78":{"start":{"line":412,"column":8},"end":{"line":412,"column":22}}},"branchMap":{"1":{"line":40,"type":"if","locations":[{"start":{"line":40,"column":8},"end":{"line":40,"column":8}},{"start":{"line":40,"column":8},"end":{"line":40,"column":8}}]},"2":{"line":133,"type":"if","locations":[{"start":{"line":133,"column":8},"end":{"line":133,"column":8}},{"start":{"line":133,"column":8},"end":{"line":133,"column":8}}]},"3":{"line":148,"type":"if","locations":[{"start":{"line":148,"column":8},"end":{"line":148,"column":8}},{"start":{"line":148,"column":8},"end":{"line":148,"column":8}}]},"4":{"line":232,"type":"if","locations":[{"start":{"line":232,"column":8},"end":{"line":232,"column":8}},{"start":{"line":232,"column":8},"end":{"line":232,"column":8}}]},"5":{"line":247,"type":"if","locations":[{"start":{"line":247,"column":8},"end":{"line":247,"column":8}},{"start":{"line":247,"column":8},"end":{"line":247,"column":8}}]},"6":{"line":271,"type":"if","locations":[{"start":{"line":271,"column":8},"end":{"line":271,"column":8}},{"start":{"line":271,"column":8},"end":{"line":271,"column":8}}]},"7":{"line":300,"type":"if","locations":[{"start":{"line":300,"column":8},"end":{"line":300,"column":8}},{"start":{"line":300,"column":8},"end":{"line":300,"column":8}}]},"8":{"line":301,"type":"if","locations":[{"start":{"line":301,"column":8},"end":{"line":301,"column":8}},{"start":{"line":301,"column":8},"end":{"line":301,"column":8}}]},"9":{"line":302,"type":"if","locations":[{"start":{"line":302,"column":8},"end":{"line":302,"column":8}},{"start":{"line":302,"column":8},"end":{"line":302,"column":8}}]},"10":{"line":306,"type":"if","locations":[{"start":{"line":306,"column":8},"end":{"line":306,"column":8}},{"start":{"line":306,"column":8},"end":{"line":306,"column":8}}]},"11":{"line":310,"type":"if","locations":[{"start":{"line":310,"column":8},"end":{"line":310,"column":8}},{"start":{"line":310,"column":8},"end":{"line":310,"column":8}}]},"12":{"line":313,"type":"if","locations":[{"start":{"line":313,"column":8},"end":{"line":313,"column":8}},{"start":{"line":313,"column":8},"end":{"line":313,"column":8}}]},"13":{"line":319,"type":"if","locations":[{"start":{"line":319,"column":8},"end":{"line":319,"column":8}},{"start":{"line":319,"column":8},"end":{"line":319,"column":8}}]},"14":{"line":325,"type":"if","locations":[{"start":{"line":325,"column":8},"end":{"line":325,"column":8}},{"start":{"line":325,"column":8},"end":{"line":325,"column":8}}]},"15":{"line":402,"type":"if","locations":[{"start":{"line":402,"column":8},"end":{"line":402,"column":8}},{"start":{"line":402,"column":8},"end":{"line":402,"column":8}}]},"16":{"line":406,"type":"if","locations":[{"start":{"line":406,"column":16},"end":{"line":406,"column":16}},{"start":{"line":406,"column":16},"end":{"line":406,"column":16}}]}}},"contracts/DroneFlightFactory.sol":{"l":{"24":25,"25":24,"35":174,"36":174,"43":24,"44":24,"51":24,"53":24,"119":5},"path":"/Users/deyibanh/Documents/Professionnel/Alyra/Applications/alyra-final-project/contracts/DroneFlightFactory.sol","s":{"1":25,"2":174,"3":174,"4":24,"5":24,"6":24,"7":5},"b":{"1":[24,1]},"f":{"1":25,"2":174,"3":24,"4":5},"fnMap":{"1":{"name":"onlyRole","line":23,"loc":{"start":{"line":23,"column":4},"end":{"line":26,"column":4}}},"2":{"name":"constructor","line":34,"loc":{"start":{"line":34,"column":4},"end":{"line":37,"column":4}}},"3":{"name":"deploy","line":41,"loc":{"start":{"line":39,"column":4},"end":{"line":54,"column":4}}},"4":{"name":"getDeployedContracts","line":118,"loc":{"start":{"line":118,"column":4},"end":{"line":120,"column":4}}}},"statementMap":{"1":{"start":{"line":24,"column":8},"end":{"line":24,"column":74}},"2":{"start":{"line":35,"column":8},"end":{"line":35,"column":59}},"3":{"start":{"line":36,"column":8},"end":{"line":36,"column":65}},"4":{"start":{"line":43,"column":8},"end":{"line":43,"column":20}},"5":{"start":{"line":51,"column":8},"end":{"line":51,"column":35}},"6":{"start":{"line":53,"column":8},"end":{"line":53,"column":33}},"7":{"start":{"line":119,"column":8},"end":{"line":119,"column":32}}},"branchMap":{"1":{"line":24,"type":"if","locations":[{"start":{"line":24,"column":8},"end":{"line":24,"column":8}},{"start":{"line":24,"column":8},"end":{"line":24,"column":8}}]}}},"contracts/interfaces/IConopsManager.sol":{"l":{},"path":"/Users/deyibanh/Documents/Professionnel/Alyra/Applications/alyra-final-project/contracts/interfaces/IConopsManager.sol","s":{},"b":{},"f":{},"fnMap":{},"statementMap":{},"branchMap":{}},"contracts/interfaces/IDeliveryManager.sol":{"l":{},"path":"/Users/deyibanh/Documents/Professionnel/Alyra/Applications/alyra-final-project/contracts/interfaces/IDeliveryManager.sol","s":{},"b":{},"f":{},"fnMap":{},"statementMap":{},"branchMap":{}},"contracts/interfaces/IDroneFlight.sol":{"l":{},"path":"/Users/deyibanh/Documents/Professionnel/Alyra/Applications/alyra-final-project/contracts/interfaces/IDroneFlight.sol","s":{},"b":{},"f":{},"fnMap":{},"statementMap":{},"branchMap":{}},"contracts/interfaces/IStarwingsMaster.sol":{"l":{},"path":"/Users/deyibanh/Documents/Professionnel/Alyra/Applications/alyra-final-project/contracts/interfaces/IStarwingsMaster.sol","s":{},"b":{},"f":{},"fnMap":{},"statementMap":{},"branchMap":{}},"contracts/librairies/StarwingsDataLib.sol":{"l":{},"path":"/Users/deyibanh/Documents/Professionnel/Alyra/Applications/alyra-final-project/contracts/librairies/StarwingsDataLib.sol","s":{},"b":{},"f":{},"fnMap":{},"statementMap":{},"branchMap":{}},"contracts/StarwingsMaster.sol":{"l":{"99":98,"100":88,"115":174,"116":174,"117":174,"131":2,"142":3,"148":2,"161":3,"167":2,"183":0,"197":9,"212":6,"221":5,"222":5,"223":4,"229":2,"244":33,"246":33,"247":33,"249":33,"253":2,"256":33,"262":32,"263":32,"265":32,"266":31,"267":31,"268":31,"269":31,"270":31,"272":1,"275":32,"287":4,"288":4,"289":3,"295":3,"297":3,"313":2,"326":10,"331":9,"346":6,"355":5,"356":5,"357":4,"363":2,"380":33,"382":33,"383":33,"385":33,"389":2,"392":33,"398":32,"399":32,"400":32,"402":32,"403":31,"404":31,"405":31,"406":31,"407":31,"409":1,"412":32,"424":3,"425":3,"426":3,"432":3,"434":3,"450":2,"459":1,"468":1,"477":1,"495":24,"496":24,"497":24,"502":24,"503":24,"504":24,"510":24,"511":24,"512":24},"path":"/Users/deyibanh/Documents/Professionnel/Alyra/Applications/alyra-final-project/contracts/StarwingsMaster.sol","s":{"1":98,"2":174,"3":174,"4":174,"5":2,"6":3,"7":2,"8":3,"9":2,"10":0,"11":9,"12":6,"13":5,"14":5,"15":4,"16":2,"17":33,"18":33,"19":33,"20":33,"21":2,"22":33,"23":32,"24":32,"25":32,"26":31,"27":31,"28":31,"29":31,"30":31,"31":1,"32":32,"33":4,"34":4,"35":3,"36":3,"37":3,"38":2,"39":10,"40":9,"41":6,"42":5,"43":5,"44":4,"45":2,"46":33,"47":33,"48":33,"49":33,"50":2,"51":33,"52":32,"53":32,"54":32,"55":32,"56":31,"57":31,"58":31,"59":31,"60":31,"61":1,"62":32,"63":3,"64":3,"65":3,"66":3,"67":3,"68":2,"69":1,"70":1,"71":1,"72":24,"73":24,"74":24,"75":24,"76":24,"77":24,"78":24,"79":24,"80":24},"b":{"1":[88,10],"2":[2,1],"3":[2,1],"4":[5,1],"5":[4,1],"6":[2,2],"7":[33,0],"8":[2,31],"9":[32,1],"10":[31,1],"11":[3,1],"12":[3,0],"13":[9,1],"14":[5,1],"15":[4,1],"16":[2,2],"17":[33,0],"18":[2,31],"19":[32,1],"20":[31,1],"21":[3,0],"22":[3,0],"23":[24,0],"24":[24,0],"25":[24,0],"26":[24,0]},"f":{"1":98,"2":174,"3":2,"4":3,"5":3,"6":0,"7":9,"8":6,"9":33,"10":4,"11":2,"12":10,"13":6,"14":33,"15":3,"16":2,"17":1,"18":1,"19":1,"20":24},"fnMap":{"1":{"name":"onlyRole","line":98,"loc":{"start":{"line":98,"column":4},"end":{"line":101,"column":4}}},"2":{"name":"constructor","line":110,"loc":{"start":{"line":110,"column":4},"end":{"line":118,"column":4}}},"3":{"name":"getDroneFlightFactoryAddress","line":128,"loc":{"start":{"line":125,"column":4},"end":{"line":132,"column":4}}},"4":{"name":"setDroneFlightFactoryAddress","line":139,"loc":{"start":{"line":139,"column":4},"end":{"line":149,"column":4}}},"5":{"name":"getDroneFlightAddressList","line":156,"loc":{"start":{"line":156,"column":4},"end":{"line":168,"column":4}}},"6":{"name":"getDroneFlightAddress","line":180,"loc":{"start":{"line":177,"column":4},"end":{"line":184,"column":4}}},"7":{"name":"getPilotList","line":194,"loc":{"start":{"line":191,"column":4},"end":{"line":198,"column":4}}},"8":{"name":"getPilot","line":207,"loc":{"start":{"line":207,"column":4},"end":{"line":230,"column":4}}},"9":{"name":"addPilot","line":242,"loc":{"start":{"line":240,"column":4},"end":{"line":276,"column":4}}},"10":{"name":"deletePilot","line":285,"loc":{"start":{"line":283,"column":4},"end":{"line":298,"column":4}}},"11":{"name":"getPilotIndex","line":310,"loc":{"start":{"line":307,"column":4},"end":{"line":314,"column":4}}},"12":{"name":"getDroneList","line":321,"loc":{"start":{"line":321,"column":4},"end":{"line":332,"column":4}}},"13":{"name":"getDrone","line":341,"loc":{"start":{"line":341,"column":4},"end":{"line":364,"column":4}}},"14":{"name":"addDrone","line":379,"loc":{"start":{"line":375,"column":4},"end":{"line":413,"column":4}}},"15":{"name":"deleteDrone","line":422,"loc":{"start":{"line":420,"column":4},"end":{"line":435,"column":4}}},"16":{"name":"getDroneIndex","line":447,"loc":{"start":{"line":444,"column":4},"end":{"line":451,"column":4}}},"17":{"name":"getAccessControlAddress","line":458,"loc":{"start":{"line":458,"column":4},"end":{"line":460,"column":4}}},"18":{"name":"getConopsManager","line":467,"loc":{"start":{"line":467,"column":4},"end":{"line":469,"column":4}}},"19":{"name":"getDeliveryManager","line":476,"loc":{"start":{"line":476,"column":4},"end":{"line":478,"column":4}}},"20":{"name":"addDroneFlight","line":489,"loc":{"start":{"line":489,"column":4},"end":{"line":513,"column":4}}}},"statementMap":{"1":{"start":{"line":99,"column":8},"end":{"line":99,"column":74}},"2":{"start":{"line":115,"column":8},"end":{"line":115,"column":60}},"3":{"start":{"line":116,"column":8},"end":{"line":116,"column":60}},"4":{"start":{"line":117,"column":8},"end":{"line":117,"column":66}},"5":{"start":{"line":131,"column":8},"end":{"line":131,"column":40}},"6":{"start":{"line":142,"column":8},"end":{"line":142,"column":3599}},"7":{"start":{"line":148,"column":8},"end":{"line":148,"column":61}},"8":{"start":{"line":161,"column":8},"end":{"line":161,"column":4117}},"9":{"start":{"line":167,"column":8},"end":{"line":167,"column":37}},"10":{"start":{"line":183,"column":8},"end":{"line":183,"column":53}},"11":{"start":{"line":197,"column":8},"end":{"line":197,"column":24}},"12":{"start":{"line":212,"column":8},"end":{"line":212,"column":5435}},"13":{"start":{"line":221,"column":8},"end":{"line":221,"column":57}},"14":{"start":{"line":222,"column":8},"end":{"line":222,"column":67}},"15":{"start":{"line":223,"column":8},"end":{"line":223,"column":5863}},"16":{"start":{"line":229,"column":8},"end":{"line":229,"column":36}},"17":{"start":{"line":244,"column":8},"end":{"line":244,"column":72}},"18":{"start":{"line":246,"column":8},"end":{"line":246,"column":43}},"19":{"start":{"line":247,"column":8},"end":{"line":247,"column":57}},"20":{"start":{"line":249,"column":8},"end":{"line":249,"column":6684}},"21":{"start":{"line":253,"column":12},"end":{"line":253,"column":40}},"22":{"start":{"line":256,"column":8},"end":{"line":256,"column":6872}},"23":{"start":{"line":262,"column":8},"end":{"line":262,"column":30}},"24":{"start":{"line":263,"column":8},"end":{"line":263,"column":30}},"25":{"start":{"line":265,"column":8},"end":{"line":265,"column":7105}},"26":{"start":{"line":266,"column":12},"end":{"line":266,"column":45}},"27":{"start":{"line":267,"column":12},"end":{"line":267,"column":32}},"28":{"start":{"line":268,"column":12},"end":{"line":268,"column":56}},"29":{"start":{"line":269,"column":12},"end":{"line":269,"column":57}},"30":{"start":{"line":270,"column":12},"end":{"line":270,"column":55}},"31":{"start":{"line":272,"column":12},"end":{"line":272,"column":40}},"32":{"start":{"line":275,"column":8},"end":{"line":275,"column":38}},"33":{"start":{"line":287,"column":8},"end":{"line":287,"column":57}},"34":{"start":{"line":288,"column":8},"end":{"line":288,"column":67}},"35":{"start":{"line":289,"column":8},"end":{"line":289,"column":7916}},"36":{"start":{"line":295,"column":8},"end":{"line":295,"column":45}},"37":{"start":{"line":297,"column":8},"end":{"line":297,"column":40}},"38":{"start":{"line":313,"column":8},"end":{"line":313,"column":43}},"39":{"start":{"line":326,"column":8},"end":{"line":326,"column":8798}},"40":{"start":{"line":331,"column":8},"end":{"line":331,"column":24}},"41":{"start":{"line":346,"column":8},"end":{"line":346,"column":9352}},"42":{"start":{"line":355,"column":8},"end":{"line":355,"column":57}},"43":{"start":{"line":356,"column":8},"end":{"line":356,"column":67}},"44":{"start":{"line":357,"column":8},"end":{"line":357,"column":9813}},"45":{"start":{"line":363,"column":8},"end":{"line":363,"column":36}},"46":{"start":{"line":380,"column":8},"end":{"line":380,"column":72}},"47":{"start":{"line":382,"column":8},"end":{"line":382,"column":43}},"48":{"start":{"line":383,"column":8},"end":{"line":383,"column":57}},"49":{"start":{"line":385,"column":8},"end":{"line":385,"column":10705}},"50":{"start":{"line":389,"column":12},"end":{"line":389,"column":40}},"51":{"start":{"line":392,"column":8},"end":{"line":392,"column":10893}},"52":{"start":{"line":398,"column":8},"end":{"line":398,"column":30}},"53":{"start":{"line":399,"column":8},"end":{"line":399,"column":31}},"54":{"start":{"line":400,"column":8},"end":{"line":400,"column":35}},"55":{"start":{"line":402,"column":8},"end":{"line":402,"column":11165}},"56":{"start":{"line":403,"column":12},"end":{"line":403,"column":45}},"57":{"start":{"line":404,"column":12},"end":{"line":404,"column":32}},"58":{"start":{"line":405,"column":12},"end":{"line":405,"column":56}},"59":{"start":{"line":406,"column":12},"end":{"line":406,"column":57}},"60":{"start":{"line":407,"column":12},"end":{"line":407,"column":55}},"61":{"start":{"line":409,"column":12},"end":{"line":409,"column":40}},"62":{"start":{"line":412,"column":8},"end":{"line":412,"column":38}},"63":{"start":{"line":424,"column":8},"end":{"line":424,"column":57}},"64":{"start":{"line":425,"column":8},"end":{"line":425,"column":67}},"65":{"start":{"line":426,"column":8},"end":{"line":426,"column":11976}},"66":{"start":{"line":432,"column":8},"end":{"line":432,"column":45}},"67":{"start":{"line":434,"column":8},"end":{"line":434,"column":40}},"68":{"start":{"line":450,"column":8},"end":{"line":450,"column":43}},"69":{"start":{"line":459,"column":8},"end":{"line":459,"column":37}},"70":{"start":{"line":468,"column":8},"end":{"line":468,"column":37}},"71":{"start":{"line":477,"column":8},"end":{"line":477,"column":39}},"72":{"start":{"line":495,"column":8},"end":{"line":495,"column":57}},"73":{"start":{"line":496,"column":8},"end":{"line":496,"column":67}},"74":{"start":{"line":497,"column":8},"end":{"line":497,"column":13994}},"75":{"start":{"line":502,"column":8},"end":{"line":502,"column":57}},"76":{"start":{"line":503,"column":8},"end":{"line":503,"column":67}},"77":{"start":{"line":504,"column":8},"end":{"line":504,"column":14315}},"78":{"start":{"line":510,"column":8},"end":{"line":510,"column":55}},"79":{"start":{"line":511,"column":8},"end":{"line":511,"column":70}},"80":{"start":{"line":512,"column":8},"end":{"line":512,"column":70}}},"branchMap":{"1":{"line":99,"type":"if","locations":[{"start":{"line":99,"column":8},"end":{"line":99,"column":8}},{"start":{"line":99,"column":8},"end":{"line":99,"column":8}}]},"2":{"line":142,"type":"if","locations":[{"start":{"line":142,"column":8},"end":{"line":142,"column":8}},{"start":{"line":142,"column":8},"end":{"line":142,"column":8}}]},"3":{"line":161,"type":"if","locations":[{"start":{"line":161,"column":8},"end":{"line":161,"column":8}},{"start":{"line":161,"column":8},"end":{"line":161,"column":8}}]},"4":{"line":212,"type":"if","locations":[{"start":{"line":212,"column":8},"end":{"line":212,"column":8}},{"start":{"line":212,"column":8},"end":{"line":212,"column":8}}]},"5":{"line":222,"type":"if","locations":[{"start":{"line":222,"column":8},"end":{"line":222,"column":8}},{"start":{"line":222,"column":8},"end":{"line":222,"column":8}}]},"6":{"line":223,"type":"if","locations":[{"start":{"line":223,"column":8},"end":{"line":223,"column":8}},{"start":{"line":223,"column":8},"end":{"line":223,"column":8}}]},"7":{"line":244,"type":"if","locations":[{"start":{"line":244,"column":8},"end":{"line":244,"column":8}},{"start":{"line":244,"column":8},"end":{"line":244,"column":8}}]},"8":{"line":249,"type":"if","locations":[{"start":{"line":249,"column":8},"end":{"line":249,"column":8}},{"start":{"line":249,"column":8},"end":{"line":249,"column":8}}]},"9":{"line":256,"type":"if","locations":[{"start":{"line":256,"column":8},"end":{"line":256,"column":8}},{"start":{"line":256,"column":8},"end":{"line":256,"column":8}}]},"10":{"line":265,"type":"if","locations":[{"start":{"line":265,"column":8},"end":{"line":265,"column":8}},{"start":{"line":265,"column":8},"end":{"line":265,"column":8}}]},"11":{"line":288,"type":"if","locations":[{"start":{"line":288,"column":8},"end":{"line":288,"column":8}},{"start":{"line":288,"column":8},"end":{"line":288,"column":8}}]},"12":{"line":289,"type":"if","locations":[{"start":{"line":289,"column":8},"end":{"line":289,"column":8}},{"start":{"line":289,"column":8},"end":{"line":289,"column":8}}]},"13":{"line":326,"type":"if","locations":[{"start":{"line":326,"column":8},"end":{"line":326,"column":8}},{"start":{"line":326,"column":8},"end":{"line":326,"column":8}}]},"14":{"line":346,"type":"if","locations":[{"start":{"line":346,"column":8},"end":{"line":346,"column":8}},{"start":{"line":346,"column":8},"end":{"line":346,"column":8}}]},"15":{"line":356,"type":"if","locations":[{"start":{"line":356,"column":8},"end":{"line":356,"column":8}},{"start":{"line":356,"column":8},"end":{"line":356,"column":8}}]},"16":{"line":357,"type":"if","locations":[{"start":{"line":357,"column":8},"end":{"line":357,"column":8}},{"start":{"line":357,"column":8},"end":{"line":357,"column":8}}]},"17":{"line":380,"type":"if","locations":[{"start":{"line":380,"column":8},"end":{"line":380,"column":8}},{"start":{"line":380,"column":8},"end":{"line":380,"column":8}}]},"18":{"line":385,"type":"if","locations":[{"start":{"line":385,"column":8},"end":{"line":385,"column":8}},{"start":{"line":385,"column":8},"end":{"line":385,"column":8}}]},"19":{"line":392,"type":"if","locations":[{"start":{"line":392,"column":8},"end":{"line":392,"column":8}},{"start":{"line":392,"column":8},"end":{"line":392,"column":8}}]},"20":{"line":402,"type":"if","locations":[{"start":{"line":402,"column":8},"end":{"line":402,"column":8}},{"start":{"line":402,"column":8},"end":{"line":402,"column":8}}]},"21":{"line":425,"type":"if","locations":[{"start":{"line":425,"column":8},"end":{"line":425,"column":8}},{"start":{"line":425,"column":8},"end":{"line":425,"column":8}}]},"22":{"line":426,"type":"if","locations":[{"start":{"line":426,"column":8},"end":{"line":426,"column":8}},{"start":{"line":426,"column":8},"end":{"line":426,"column":8}}]},"23":{"line":496,"type":"if","locations":[{"start":{"line":496,"column":8},"end":{"line":496,"column":8}},{"start":{"line":496,"column":8},"end":{"line":496,"column":8}}]},"24":{"line":497,"type":"if","locations":[{"start":{"line":497,"column":8},"end":{"line":497,"column":8}},{"start":{"line":497,"column":8},"end":{"line":497,"column":8}}]},"25":{"line":503,"type":"if","locations":[{"start":{"line":503,"column":8},"end":{"line":503,"column":8}},{"start":{"line":503,"column":8},"end":{"line":503,"column":8}}]},"26":{"line":504,"type":"if","locations":[{"start":{"line":504,"column":8},"end":{"line":504,"column":8}},{"start":{"line":504,"column":8},"end":{"line":504,"column":8}}]}}},"contracts/SWAccessControl.sol":{"l":{"18":240,"19":240,"31":5},"path":"/Users/deyibanh/Documents/Professionnel/Alyra/Applications/alyra-final-project/contracts/SWAccessControl.sol","s":{"1":240,"2":240,"3":5},"b":{},"f":{"1":240,"2":5},"fnMap":{"1":{"name":"constructor","line":17,"loc":{"start":{"line":17,"column":4},"end":{"line":20,"column":4}}},"2":{"name":"setRoleAdmin","line":29,"loc":{"start":{"line":27,"column":4},"end":{"line":32,"column":4}}}},"statementMap":{"1":{"start":{"line":18,"column":8},"end":{"line":18,"column":49}},"2":{"start":{"line":19,"column":8},"end":{"line":19,"column":41}},"3":{"start":{"line":31,"column":8},"end":{"line":31,"column":39}}},"branchMap":{}}}