{"contracts/ConopsManager.sol":{"l":{"22":24,"23":23,"27":171,"55":21,"57":21,"58":21,"59":21,"60":21,"61":21,"62":21,"63":21,"64":21,"65":21,"66":42,"69":21,"71":21,"82":1,"83":1,"87":1,"89":1,"90":1,"101":1,"102":1,"106":1,"108":1,"120":23,"127":2},"path":"/home/fabien/alyra/Starwing/alyra-final-project/contracts/ConopsManager.sol","s":{"1":24,"2":171,"3":21,"4":21,"5":21,"6":21,"7":21,"8":21,"9":21,"10":21,"11":21,"12":21,"13":42,"14":21,"15":21,"16":1,"17":1,"18":1,"19":1,"20":1,"21":1,"22":1,"23":1,"24":23,"25":2},"b":{"1":[23,1],"2":[1,0],"3":[1,0],"4":[1,0],"5":[1,0]},"f":{"1":24,"2":171,"3":21,"4":1,"5":1,"6":23,"7":2},"fnMap":{"1":{"name":"onlyRole","line":21,"loc":{"start":{"line":21,"column":4},"end":{"line":24,"column":4}}},"2":{"name":"constructor","line":26,"loc":{"start":{"line":26,"column":4},"end":{"line":28,"column":4}}},"3":{"name":"addConops","line":52,"loc":{"start":{"line":41,"column":4},"end":{"line":72,"column":4}}},"4":{"name":"disable","line":80,"loc":{"start":{"line":78,"column":4},"end":{"line":91,"column":4}}},"5":{"name":"enable","line":99,"loc":{"start":{"line":97,"column":4},"end":{"line":109,"column":4}}},"6":{"name":"viewConops","line":115,"loc":{"start":{"line":115,"column":4},"end":{"line":121,"column":4}}},"7":{"name":"viewAllConops","line":126,"loc":{"start":{"line":126,"column":4},"end":{"line":128,"column":4}}}},"statementMap":{"1":{"start":{"line":22,"column":8},"end":{"line":22,"column":74}},"2":{"start":{"line":27,"column":8},"end":{"line":27,"column":59}},"3":{"start":{"line":55,"column":8},"end":{"line":55,"column":84}},"4":{"start":{"line":57,"column":8},"end":{"line":57,"column":36}},"5":{"start":{"line":58,"column":8},"end":{"line":58,"column":32}},"6":{"start":{"line":59,"column":8},"end":{"line":59,"column":50}},"7":{"start":{"line":60,"column":8},"end":{"line":60,"column":40}},"8":{"start":{"line":61,"column":8},"end":{"line":61,"column":42}},"9":{"start":{"line":62,"column":8},"end":{"line":62,"column":50}},"10":{"start":{"line":63,"column":8},"end":{"line":63,"column":30}},"11":{"start":{"line":64,"column":8},"end":{"line":64,"column":30}},"12":{"start":{"line":65,"column":8},"end":{"line":65,"column":2334}},"13":{"start":{"line":66,"column":12},"end":{"line":66,"column":54}},"14":{"start":{"line":69,"column":8},"end":{"line":69,"column":45}},"15":{"start":{"line":71,"column":8},"end":{"line":71,"column":43}},"16":{"start":{"line":82,"column":8},"end":{"line":82,"column":76}},"17":{"start":{"line":83,"column":8},"end":{"line":83,"column":2900}},"18":{"start":{"line":87,"column":8},"end":{"line":87,"column":52}},"19":{"start":{"line":89,"column":8},"end":{"line":89,"column":37}},"20":{"start":{"line":101,"column":8},"end":{"line":101,"column":76}},"21":{"start":{"line":102,"column":8},"end":{"line":102,"column":3479}},"22":{"start":{"line":106,"column":8},"end":{"line":106,"column":51}},"23":{"start":{"line":108,"column":8},"end":{"line":108,"column":36}},"24":{"start":{"line":120,"column":8},"end":{"line":120,"column":42}},"25":{"start":{"line":127,"column":8},"end":{"line":127,"column":31}}},"branchMap":{"1":{"line":22,"type":"if","locations":[{"start":{"line":22,"column":8},"end":{"line":22,"column":8}},{"start":{"line":22,"column":8},"end":{"line":22,"column":8}}]},"2":{"line":82,"type":"if","locations":[{"start":{"line":82,"column":8},"end":{"line":82,"column":8}},{"start":{"line":82,"column":8},"end":{"line":82,"column":8}}]},"3":{"line":83,"type":"if","locations":[{"start":{"line":83,"column":8},"end":{"line":83,"column":8}},{"start":{"line":83,"column":8},"end":{"line":83,"column":8}}]},"4":{"line":101,"type":"if","locations":[{"start":{"line":101,"column":8},"end":{"line":101,"column":8}},{"start":{"line":101,"column":8},"end":{"line":101,"column":8}}]},"5":{"line":102,"type":"if","locations":[{"start":{"line":102,"column":8},"end":{"line":102,"column":8}},{"start":{"line":102,"column":8},"end":{"line":102,"column":8}}]}}},"contracts/DeliveryManager.sol":{"l":{"30":21,"31":21,"37":165,"52":21,"53":21,"54":21,"55":21,"56":21,"57":21,"58":21,"60":21,"62":21,"74":21,"75":21,"82":21,"84":21,"98":2,"100":2,"101":2,"111":2,"122":21,"124":21,"125":21,"130":21,"131":21,"132":21,"143":2},"path":"/home/fabien/alyra/Starwing/alyra-final-project/contracts/DeliveryManager.sol","s":{"1":21,"2":165,"3":21,"4":21,"5":21,"6":21,"7":21,"8":21,"9":21,"10":21,"11":21,"12":21,"13":21,"14":21,"15":21,"16":2,"17":2,"18":2,"19":2,"20":21,"21":21,"22":21,"23":21,"24":21,"25":21,"26":2},"b":{"1":[21,0],"2":[21,0],"3":[21,0],"4":[21,0],"5":[21,0],"6":[21,0],"7":[21,0],"8":[21,0],"9":[2,0],"10":[2,0],"11":[21,0],"12":[21,0]},"f":{"1":21,"2":165,"3":21,"4":2,"5":21,"6":2},"fnMap":{"1":{"name":"onlyRole","line":29,"loc":{"start":{"line":29,"column":4},"end":{"line":32,"column":4}}},"2":{"name":"constructor","line":36,"loc":{"start":{"line":36,"column":4},"end":{"line":38,"column":4}}},"3":{"name":"newDelivery","line":49,"loc":{"start":{"line":47,"column":4},"end":{"line":85,"column":4}}},"4":{"name":"getDelivery","line":91,"loc":{"start":{"line":91,"column":4},"end":{"line":112,"column":4}}},"5":{"name":"setDeliveryState","line":118,"loc":{"start":{"line":118,"column":4},"end":{"line":137,"column":4}}},"6":{"name":"getAllDeliveries","line":142,"loc":{"start":{"line":142,"column":4},"end":{"line":144,"column":4}}}},"statementMap":{"1":{"start":{"line":30,"column":8},"end":{"line":30,"column":74}},"2":{"start":{"line":37,"column":8},"end":{"line":37,"column":59}},"3":{"start":{"line":52,"column":8},"end":{"line":52,"column":76}},"4":{"start":{"line":53,"column":8},"end":{"line":53,"column":62}},"5":{"start":{"line":54,"column":8},"end":{"line":54,"column":64}},"6":{"start":{"line":55,"column":8},"end":{"line":55,"column":58}},"7":{"start":{"line":56,"column":8},"end":{"line":56,"column":60}},"8":{"start":{"line":57,"column":8},"end":{"line":57,"column":55}},"9":{"start":{"line":58,"column":8},"end":{"line":58,"column":51}},"10":{"start":{"line":60,"column":8},"end":{"line":60,"column":45}},"11":{"start":{"line":62,"column":8},"end":{"line":62,"column":2221}},"12":{"start":{"line":74,"column":8},"end":{"line":74,"column":33}},"13":{"start":{"line":75,"column":8},"end":{"line":75,"column":68}},"14":{"start":{"line":82,"column":8},"end":{"line":82,"column":50}},"15":{"start":{"line":84,"column":8},"end":{"line":84,"column":35}},"16":{"start":{"line":98,"column":8},"end":{"line":98,"column":55}},"17":{"start":{"line":100,"column":8},"end":{"line":100,"column":65}},"18":{"start":{"line":101,"column":8},"end":{"line":101,"column":3535}},"19":{"start":{"line":111,"column":8},"end":{"line":111,"column":35}},"20":{"start":{"line":122,"column":8},"end":{"line":122,"column":55}},"21":{"start":{"line":124,"column":8},"end":{"line":124,"column":65}},"22":{"start":{"line":125,"column":8},"end":{"line":125,"column":4264}},"23":{"start":{"line":130,"column":8},"end":{"line":130,"column":59}},"24":{"start":{"line":131,"column":8},"end":{"line":131,"column":50}},"25":{"start":{"line":132,"column":8},"end":{"line":132,"column":4509}},"26":{"start":{"line":143,"column":8},"end":{"line":143,"column":25}}},"branchMap":{"1":{"line":30,"type":"if","locations":[{"start":{"line":30,"column":8},"end":{"line":30,"column":8}},{"start":{"line":30,"column":8},"end":{"line":30,"column":8}}]},"2":{"line":52,"type":"if","locations":[{"start":{"line":52,"column":8},"end":{"line":52,"column":8}},{"start":{"line":52,"column":8},"end":{"line":52,"column":8}}]},"3":{"line":53,"type":"if","locations":[{"start":{"line":53,"column":8},"end":{"line":53,"column":8}},{"start":{"line":53,"column":8},"end":{"line":53,"column":8}}]},"4":{"line":54,"type":"if","locations":[{"start":{"line":54,"column":8},"end":{"line":54,"column":8}},{"start":{"line":54,"column":8},"end":{"line":54,"column":8}}]},"5":{"line":55,"type":"if","locations":[{"start":{"line":55,"column":8},"end":{"line":55,"column":8}},{"start":{"line":55,"column":8},"end":{"line":55,"column":8}}]},"6":{"line":56,"type":"if","locations":[{"start":{"line":56,"column":8},"end":{"line":56,"column":8}},{"start":{"line":56,"column":8},"end":{"line":56,"column":8}}]},"7":{"line":57,"type":"if","locations":[{"start":{"line":57,"column":8},"end":{"line":57,"column":8}},{"start":{"line":57,"column":8},"end":{"line":57,"column":8}}]},"8":{"line":58,"type":"if","locations":[{"start":{"line":58,"column":8},"end":{"line":58,"column":8}},{"start":{"line":58,"column":8},"end":{"line":58,"column":8}}]},"9":{"line":100,"type":"if","locations":[{"start":{"line":100,"column":8},"end":{"line":100,"column":8}},{"start":{"line":100,"column":8},"end":{"line":100,"column":8}}]},"10":{"line":101,"type":"if","locations":[{"start":{"line":101,"column":8},"end":{"line":101,"column":8}},{"start":{"line":101,"column":8},"end":{"line":101,"column":8}}]},"11":{"line":124,"type":"if","locations":[{"start":{"line":124,"column":8},"end":{"line":124,"column":8}},{"start":{"line":124,"column":8},"end":{"line":124,"column":8}}]},"12":{"line":125,"type":"if","locations":[{"start":{"line":125,"column":8},"end":{"line":125,"column":8}},{"start":{"line":125,"column":8},"end":{"line":125,"column":8}}]}}},"contracts/DroneDelivery.sol":{"l":{"30":20,"31":20,"32":20,"39":20,"41":20,"47":20,"54":0,"58":10,"59":9,"60":9,"62":9,"66":2,"67":1,"69":1,"73":6,"77":2,"81":24,"99":0},"path":"/home/fabien/alyra/Starwing/alyra-final-project/contracts/DroneDelivery.sol","s":{"1":20,"2":20,"3":20,"4":20,"5":20,"6":20,"7":0,"8":10,"9":9,"10":9,"11":9,"12":2,"13":1,"14":1,"15":6,"16":2,"17":24,"18":0},"b":{"1":[9,1],"2":[1,1]},"f":{"1":20,"2":20,"3":0,"4":10,"5":2,"6":6,"7":2,"8":24,"9":0},"fnMap":{"1":{"name":"constructor","line":28,"loc":{"start":{"line":20,"column":4},"end":{"line":33,"column":4}}},"2":{"name":"initDelivery","line":37,"loc":{"start":{"line":35,"column":4},"end":{"line":51,"column":4}}},"3":{"name":"getDeliveryId","line":53,"loc":{"start":{"line":53,"column":4},"end":{"line":55,"column":4}}},"4":{"name":"pickUp","line":57,"loc":{"start":{"line":57,"column":4},"end":{"line":63,"column":4}}},"5":{"name":"deliver","line":65,"loc":{"start":{"line":65,"column":4},"end":{"line":70,"column":4}}},"6":{"name":"isParcelPickedUp","line":72,"loc":{"start":{"line":72,"column":4},"end":{"line":74,"column":4}}},"7":{"name":"isParcelDelivered","line":76,"loc":{"start":{"line":76,"column":4},"end":{"line":78,"column":4}}},"8":{"name":"_customAllowToFlight","line":80,"loc":{"start":{"line":80,"column":4},"end":{"line":82,"column":4}}},"9":{"name":"flightInfoDisplay","line":84,"loc":{"start":{"line":84,"column":4},"end":{"line":110,"column":4}}}},"statementMap":{"1":{"start":{"line":30,"column":8},"end":{"line":30,"column":41}},"2":{"start":{"line":31,"column":8},"end":{"line":31,"column":41}},"3":{"start":{"line":32,"column":8},"end":{"line":32,"column":31}},"4":{"start":{"line":39,"column":8},"end":{"line":39,"column":26}},"5":{"start":{"line":41,"column":8},"end":{"line":41,"column":1182}},"6":{"start":{"line":47,"column":8},"end":{"line":47,"column":1352}},"7":{"start":{"line":54,"column":8},"end":{"line":54,"column":25}},"8":{"start":{"line":58,"column":8},"end":{"line":58,"column":63}},"9":{"start":{"line":59,"column":8},"end":{"line":59,"column":33}},"10":{"start":{"line":60,"column":8},"end":{"line":60,"column":23}},"11":{"start":{"line":62,"column":8},"end":{"line":62,"column":29}},"12":{"start":{"line":66,"column":8},"end":{"line":66,"column":66}},"13":{"start":{"line":67,"column":8},"end":{"line":67,"column":34}},"14":{"start":{"line":69,"column":8},"end":{"line":69,"column":30}},"15":{"start":{"line":73,"column":8},"end":{"line":73,"column":34}},"16":{"start":{"line":77,"column":8},"end":{"line":77,"column":35}},"17":{"start":{"line":81,"column":8},"end":{"line":81,"column":34}},"18":{"start":{"line":99,"column":8},"end":{"line":99,"column":2743}}},"branchMap":{"1":{"line":58,"type":"if","locations":[{"start":{"line":58,"column":8},"end":{"line":58,"column":8}},{"start":{"line":58,"column":8},"end":{"line":58,"column":8}}]},"2":{"line":66,"type":"if","locations":[{"start":{"line":66,"column":8},"end":{"line":66,"column":8}},{"start":{"line":66,"column":8},"end":{"line":66,"column":8}}]}}},"contracts/DroneFlight.sol":{"l":{"42":50,"43":50,"104":20,"105":20,"115":20,"116":20,"117":20,"119":20,"120":20,"121":20,"122":20,"123":20,"133":1,"134":1,"136":1,"143":1,"144":1,"146":1,"154":2,"162":2,"214":1,"222":2,"229":13,"230":13,"231":13,"233":13,"240":1,"241":1,"242":1,"244":1,"252":2,"256":1,"261":1,"262":1,"263":1,"265":1,"269":11,"273":11,"278":11,"279":11,"280":10,"284":10,"288":9,"290":8,"291":8,"292":6,"294":2,"297":8,"303":6,"304":5,"306":1,"309":6,"313":7,"317":8,"324":20,"327":20,"328":40,"329":40,"330":40,"335":6,"339":2,"343":24,"345":24,"346":1,"348":23,"349":46,"350":15,"355":24,"359":24,"360":24,"362":24},"path":"/home/fabien/alyra/Starwing/alyra-final-project/contracts/DroneFlight.sol","s":{"1":50,"2":20,"3":20,"4":20,"5":20,"6":20,"7":20,"8":20,"9":20,"10":20,"11":20,"12":1,"13":1,"14":1,"15":1,"16":1,"17":1,"18":2,"19":2,"20":1,"21":2,"22":13,"23":13,"24":13,"25":13,"26":1,"27":1,"28":1,"29":1,"30":2,"31":1,"32":1,"33":1,"34":1,"35":1,"36":11,"37":11,"38":11,"39":11,"40":10,"41":10,"42":9,"43":8,"44":8,"45":6,"46":2,"47":8,"48":6,"49":5,"50":1,"51":6,"52":7,"53":8,"54":20,"55":20,"56":40,"57":40,"58":40,"59":6,"60":2,"61":24,"62":24,"63":1,"64":23,"65":46,"66":15,"67":24,"68":24,"69":24,"70":24},"b":{"1":[50,0],"2":[1,0],"3":[1,0],"4":[13,0],"5":[1,0],"6":[1,0],"7":[11,0],"8":[10,1],"9":[10,0],"10":[9,1],"11":[8,1],"12":[6,2],"13":[6,2],"14":[5,1],"15":[1,23],"16":[15,31]},"f":{"1":50,"2":20,"3":20,"4":1,"5":1,"6":2,"7":2,"8":1,"9":2,"10":13,"11":1,"12":2,"13":1,"14":11,"15":7,"16":8,"17":20,"18":6,"19":2,"20":24,"21":24},"fnMap":{"1":{"name":"onlyRole","line":41,"loc":{"start":{"line":41,"column":4},"end":{"line":44,"column":4}}},"2":{"name":"constructor","line":101,"loc":{"start":{"line":101,"column":4},"end":{"line":106,"column":4}}},"3":{"name":"setFlightData","line":108,"loc":{"start":{"line":108,"column":4},"end":{"line":124,"column":4}}},"4":{"name":"preFlightChecks","line":131,"loc":{"start":{"line":129,"column":4},"end":{"line":137,"column":4}}},"5":{"name":"postFlightChecks","line":141,"loc":{"start":{"line":139,"column":4},"end":{"line":147,"column":4}}},"6":{"name":"getPreFlightChecks","line":149,"loc":{"start":{"line":149,"column":4},"end":{"line":155,"column":4}}},"7":{"name":"getPostFlightChecks","line":157,"loc":{"start":{"line":157,"column":4},"end":{"line":163,"column":4}}},"8":{"name":"newRiskEvent","line":212,"loc":{"start":{"line":210,"column":4},"end":{"line":215,"column":4}}},"9":{"name":"viewRiskEvent","line":217,"loc":{"start":{"line":217,"column":4},"end":{"line":223,"column":4}}},"10":{"name":"validateAirRisk","line":227,"loc":{"start":{"line":225,"column":4},"end":{"line":234,"column":4}}},"11":{"name":"cancelAirRisk","line":238,"loc":{"start":{"line":236,"column":4},"end":{"line":245,"column":4}}},"12":{"name":"viewAirRisks","line":247,"loc":{"start":{"line":247,"column":4},"end":{"line":253,"column":4}}},"13":{"name":"cancelFlight","line":255,"loc":{"start":{"line":255,"column":4},"end":{"line":266,"column":4}}},"14":{"name":"changeFlightStatus","line":268,"loc":{"start":{"line":268,"column":4},"end":{"line":310,"column":4}}},"15":{"name":"viewDroneFlightstatus","line":312,"loc":{"start":{"line":312,"column":4},"end":{"line":314,"column":4}}},"16":{"name":"viewPilotFlightstatus","line":316,"loc":{"start":{"line":316,"column":4},"end":{"line":318,"column":4}}},"17":{"name":"_setupAirRisk","line":323,"loc":{"start":{"line":323,"column":4},"end":{"line":332,"column":4}}},"18":{"name":"_changeDroneFlightState","line":334,"loc":{"start":{"line":334,"column":4},"end":{"line":336,"column":4}}},"19":{"name":"_changePilotFlightState","line":338,"loc":{"start":{"line":338,"column":4},"end":{"line":340,"column":4}}},"20":{"name":"_standardAllowToFlight","line":342,"loc":{"start":{"line":342,"column":4},"end":{"line":356,"column":4}}},"21":{"name":"_allowToFlight","line":358,"loc":{"start":{"line":358,"column":4},"end":{"line":363,"column":4}}}},"statementMap":{"1":{"start":{"line":42,"column":8},"end":{"line":42,"column":68}},"2":{"start":{"line":104,"column":8},"end":{"line":104,"column":53}},"3":{"start":{"line":105,"column":8},"end":{"line":105,"column":60}},"4":{"start":{"line":115,"column":8},"end":{"line":115,"column":31}},"5":{"start":{"line":116,"column":8},"end":{"line":116,"column":31}},"6":{"start":{"line":117,"column":8},"end":{"line":117,"column":37}},"7":{"start":{"line":119,"column":8},"end":{"line":119,"column":33}},"8":{"start":{"line":120,"column":8},"end":{"line":120,"column":43}},"9":{"start":{"line":121,"column":8},"end":{"line":121,"column":49}},"10":{"start":{"line":122,"column":8},"end":{"line":122,"column":49}},"11":{"start":{"line":123,"column":8},"end":{"line":123,"column":22}},"12":{"start":{"line":133,"column":8},"end":{"line":133,"column":67}},"13":{"start":{"line":134,"column":8},"end":{"line":134,"column":45}},"14":{"start":{"line":136,"column":8},"end":{"line":136,"column":39}},"15":{"start":{"line":143,"column":8},"end":{"line":143,"column":68}},"16":{"start":{"line":144,"column":8},"end":{"line":144,"column":46}},"17":{"start":{"line":146,"column":8},"end":{"line":146,"column":40}},"18":{"start":{"line":154,"column":8},"end":{"line":154,"column":46}},"19":{"start":{"line":162,"column":8},"end":{"line":162,"column":47}},"20":{"start":{"line":214,"column":8},"end":{"line":214,"column":29}},"21":{"start":{"line":222,"column":8},"end":{"line":222,"column":34}},"22":{"start":{"line":229,"column":8},"end":{"line":229,"column":76}},"23":{"start":{"line":230,"column":8},"end":{"line":230,"column":44}},"24":{"start":{"line":231,"column":8},"end":{"line":231,"column":23}},"25":{"start":{"line":233,"column":8},"end":{"line":233,"column":41}},"26":{"start":{"line":240,"column":8},"end":{"line":240,"column":74}},"27":{"start":{"line":241,"column":8},"end":{"line":241,"column":45}},"28":{"start":{"line":242,"column":8},"end":{"line":242,"column":23}},"29":{"start":{"line":244,"column":8},"end":{"line":244,"column":40}},"30":{"start":{"line":252,"column":8},"end":{"line":252,"column":23}},"31":{"start":{"line":256,"column":8},"end":{"line":256,"column":6833}},"32":{"start":{"line":261,"column":8},"end":{"line":261,"column":46}},"33":{"start":{"line":262,"column":8},"end":{"line":262,"column":46}},"34":{"start":{"line":263,"column":8},"end":{"line":263,"column":23}},"35":{"start":{"line":265,"column":8},"end":{"line":265,"column":27}},"36":{"start":{"line":269,"column":8},"end":{"line":269,"column":7185}},"37":{"start":{"line":273,"column":8},"end":{"line":273,"column":7306}},"38":{"start":{"line":278,"column":8},"end":{"line":278,"column":52}},"39":{"start":{"line":279,"column":8},"end":{"line":279,"column":61}},"40":{"start":{"line":280,"column":8},"end":{"line":280,"column":7546}},"41":{"start":{"line":284,"column":8},"end":{"line":284,"column":7670}},"42":{"start":{"line":288,"column":8},"end":{"line":288,"column":56}},"43":{"start":{"line":290,"column":8},"end":{"line":290,"column":29}},"44":{"start":{"line":291,"column":8},"end":{"line":291,"column":7886}},"45":{"start":{"line":292,"column":12},"end":{"line":292,"column":39}},"46":{"start":{"line":294,"column":12},"end":{"line":294,"column":39}},"47":{"start":{"line":297,"column":8},"end":{"line":297,"column":8021}},"48":{"start":{"line":303,"column":8},"end":{"line":303,"column":8211}},"49":{"start":{"line":304,"column":12},"end":{"line":304,"column":56}},"50":{"start":{"line":306,"column":12},"end":{"line":306,"column":56}},"51":{"start":{"line":309,"column":8},"end":{"line":309,"column":53}},"52":{"start":{"line":313,"column":8},"end":{"line":313,"column":31}},"53":{"start":{"line":317,"column":8},"end":{"line":317,"column":31}},"54":{"start":{"line":324,"column":8},"end":{"line":324,"column":8786}},"55":{"start":{"line":327,"column":8},"end":{"line":327,"column":8903}},"56":{"start":{"line":328,"column":12},"end":{"line":328,"column":70}},"57":{"start":{"line":329,"column":12},"end":{"line":329,"column":52}},"58":{"start":{"line":330,"column":12},"end":{"line":330,"column":60}},"59":{"start":{"line":335,"column":8},"end":{"line":335,"column":32}},"60":{"start":{"line":339,"column":8},"end":{"line":339,"column":32}},"61":{"start":{"line":343,"column":8},"end":{"line":343,"column":27}},"62":{"start":{"line":345,"column":8},"end":{"line":345,"column":9495}},"63":{"start":{"line":346,"column":12},"end":{"line":346,"column":26}},"64":{"start":{"line":348,"column":12},"end":{"line":348,"column":9605}},"65":{"start":{"line":349,"column":16},"end":{"line":349,"column":9673}},"66":{"start":{"line":350,"column":20},"end":{"line":350,"column":34}},"67":{"start":{"line":355,"column":8},"end":{"line":355,"column":22}},"68":{"start":{"line":359,"column":8},"end":{"line":359,"column":55}},"69":{"start":{"line":360,"column":8},"end":{"line":360,"column":51}},"70":{"start":{"line":362,"column":8},"end":{"line":362,"column":59}}},"branchMap":{"1":{"line":42,"type":"if","locations":[{"start":{"line":42,"column":8},"end":{"line":42,"column":8}},{"start":{"line":42,"column":8},"end":{"line":42,"column":8}}]},"2":{"line":133,"type":"if","locations":[{"start":{"line":133,"column":8},"end":{"line":133,"column":8}},{"start":{"line":133,"column":8},"end":{"line":133,"column":8}}]},"3":{"line":143,"type":"if","locations":[{"start":{"line":143,"column":8},"end":{"line":143,"column":8}},{"start":{"line":143,"column":8},"end":{"line":143,"column":8}}]},"4":{"line":229,"type":"if","locations":[{"start":{"line":229,"column":8},"end":{"line":229,"column":8}},{"start":{"line":229,"column":8},"end":{"line":229,"column":8}}]},"5":{"line":240,"type":"if","locations":[{"start":{"line":240,"column":8},"end":{"line":240,"column":8}},{"start":{"line":240,"column":8},"end":{"line":240,"column":8}}]},"6":{"line":256,"type":"if","locations":[{"start":{"line":256,"column":8},"end":{"line":256,"column":8}},{"start":{"line":256,"column":8},"end":{"line":256,"column":8}}]},"7":{"line":278,"type":"if","locations":[{"start":{"line":278,"column":8},"end":{"line":278,"column":8}},{"start":{"line":278,"column":8},"end":{"line":278,"column":8}}]},"8":{"line":279,"type":"if","locations":[{"start":{"line":279,"column":8},"end":{"line":279,"column":8}},{"start":{"line":279,"column":8},"end":{"line":279,"column":8}}]},"9":{"line":280,"type":"if","locations":[{"start":{"line":280,"column":8},"end":{"line":280,"column":8}},{"start":{"line":280,"column":8},"end":{"line":280,"column":8}}]},"10":{"line":284,"type":"if","locations":[{"start":{"line":284,"column":8},"end":{"line":284,"column":8}},{"start":{"line":284,"column":8},"end":{"line":284,"column":8}}]},"11":{"line":288,"type":"if","locations":[{"start":{"line":288,"column":8},"end":{"line":288,"column":8}},{"start":{"line":288,"column":8},"end":{"line":288,"column":8}}]},"12":{"line":291,"type":"if","locations":[{"start":{"line":291,"column":8},"end":{"line":291,"column":8}},{"start":{"line":291,"column":8},"end":{"line":291,"column":8}}]},"13":{"line":297,"type":"if","locations":[{"start":{"line":297,"column":8},"end":{"line":297,"column":8}},{"start":{"line":297,"column":8},"end":{"line":297,"column":8}}]},"14":{"line":303,"type":"if","locations":[{"start":{"line":303,"column":8},"end":{"line":303,"column":8}},{"start":{"line":303,"column":8},"end":{"line":303,"column":8}}]},"15":{"line":345,"type":"if","locations":[{"start":{"line":345,"column":8},"end":{"line":345,"column":8}},{"start":{"line":345,"column":8},"end":{"line":345,"column":8}}]},"16":{"line":349,"type":"if","locations":[{"start":{"line":349,"column":16},"end":{"line":349,"column":16}},{"start":{"line":349,"column":16},"end":{"line":349,"column":16}}]}}},"contracts/DroneFlightFactory.sol":{"l":{"24":21,"25":20,"35":162,"36":162,"43":20,"44":20,"51":20,"53":20,"117":5},"path":"/home/fabien/alyra/Starwing/alyra-final-project/contracts/DroneFlightFactory.sol","s":{"1":21,"2":162,"3":162,"4":20,"5":20,"6":20,"7":5},"b":{"1":[20,1]},"f":{"1":21,"2":162,"3":20,"4":5},"fnMap":{"1":{"name":"onlyRole","line":23,"loc":{"start":{"line":23,"column":4},"end":{"line":26,"column":4}}},"2":{"name":"constructor","line":34,"loc":{"start":{"line":34,"column":4},"end":{"line":37,"column":4}}},"3":{"name":"deploy","line":41,"loc":{"start":{"line":39,"column":4},"end":{"line":54,"column":4}}},"4":{"name":"getDeployedContracts","line":116,"loc":{"start":{"line":116,"column":4},"end":{"line":118,"column":4}}}},"statementMap":{"1":{"start":{"line":24,"column":8},"end":{"line":24,"column":74}},"2":{"start":{"line":35,"column":8},"end":{"line":35,"column":59}},"3":{"start":{"line":36,"column":8},"end":{"line":36,"column":65}},"4":{"start":{"line":43,"column":8},"end":{"line":43,"column":20}},"5":{"start":{"line":51,"column":8},"end":{"line":51,"column":35}},"6":{"start":{"line":53,"column":8},"end":{"line":53,"column":33}},"7":{"start":{"line":117,"column":8},"end":{"line":117,"column":32}}},"branchMap":{"1":{"line":24,"type":"if","locations":[{"start":{"line":24,"column":8},"end":{"line":24,"column":8}},{"start":{"line":24,"column":8},"end":{"line":24,"column":8}}]}}},"contracts/interfaces/IConopsManager.sol":{"l":{},"path":"/home/fabien/alyra/Starwing/alyra-final-project/contracts/interfaces/IConopsManager.sol","s":{},"b":{},"f":{},"fnMap":{},"statementMap":{},"branchMap":{}},"contracts/interfaces/IDeliveryManager.sol":{"l":{},"path":"/home/fabien/alyra/Starwing/alyra-final-project/contracts/interfaces/IDeliveryManager.sol","s":{},"b":{},"f":{},"fnMap":{},"statementMap":{},"branchMap":{}},"contracts/interfaces/IDroneFlight.sol":{"l":{},"path":"/home/fabien/alyra/Starwing/alyra-final-project/contracts/interfaces/IDroneFlight.sol","s":{},"b":{},"f":{},"fnMap":{},"statementMap":{},"branchMap":{}},"contracts/interfaces/IStarwingsMaster.sol":{"l":{},"path":"/home/fabien/alyra/Starwing/alyra-final-project/contracts/interfaces/IStarwingsMaster.sol","s":{},"b":{},"f":{},"fnMap":{},"statementMap":{},"branchMap":{}},"contracts/librairies/StarwingsDataLib.sol":{"l":{},"path":"/home/fabien/alyra/Starwing/alyra-final-project/contracts/librairies/StarwingsDataLib.sol","s":{},"b":{},"f":{},"fnMap":{},"statementMap":{},"branchMap":{}},"contracts/StarwingsMaster.sol":{"l":{"99":90,"100":80,"115":162,"116":162,"117":162,"131":2,"142":3,"148":2,"161":3,"167":2,"183":0,"197":9,"212":6,"217":5,"218":5,"219":4,"225":2,"240":29,"242":29,"243":29,"245":29,"249":2,"252":29,"258":28,"259":28,"261":28,"262":27,"263":27,"264":27,"265":27,"266":27,"268":1,"271":28,"283":4,"284":4,"285":3,"291":3,"293":3,"309":2,"322":10,"327":9,"342":6,"347":5,"348":5,"349":4,"355":2,"372":29,"374":29,"375":29,"377":29,"381":2,"384":29,"390":28,"391":28,"392":28,"394":28,"395":27,"396":27,"397":27,"398":27,"399":27,"401":1,"404":28,"416":3,"417":3,"418":3,"424":3,"426":3,"442":2,"451":1,"460":1,"469":1,"487":20,"488":20,"489":20,"494":20,"495":20,"496":20,"502":20,"503":20,"504":20},"path":"/home/fabien/alyra/Starwing/alyra-final-project/contracts/StarwingsMaster.sol","s":{"1":90,"2":162,"3":162,"4":162,"5":2,"6":3,"7":2,"8":3,"9":2,"10":0,"11":9,"12":6,"13":5,"14":5,"15":4,"16":2,"17":29,"18":29,"19":29,"20":29,"21":2,"22":29,"23":28,"24":28,"25":28,"26":27,"27":27,"28":27,"29":27,"30":27,"31":1,"32":28,"33":4,"34":4,"35":3,"36":3,"37":3,"38":2,"39":10,"40":9,"41":6,"42":5,"43":5,"44":4,"45":2,"46":29,"47":29,"48":29,"49":29,"50":2,"51":29,"52":28,"53":28,"54":28,"55":28,"56":27,"57":27,"58":27,"59":27,"60":27,"61":1,"62":28,"63":3,"64":3,"65":3,"66":3,"67":3,"68":2,"69":1,"70":1,"71":1,"72":20,"73":20,"74":20,"75":20,"76":20,"77":20,"78":20,"79":20,"80":20},"b":{"1":[80,10],"2":[2,1],"3":[2,1],"4":[5,1],"5":[4,1],"6":[2,2],"7":[29,0],"8":[2,27],"9":[28,1],"10":[27,1],"11":[3,1],"12":[3,0],"13":[9,1],"14":[5,1],"15":[4,1],"16":[2,2],"17":[29,0],"18":[2,27],"19":[28,1],"20":[27,1],"21":[3,0],"22":[3,0],"23":[20,0],"24":[20,0],"25":[20,0],"26":[20,0]},"f":{"1":90,"2":162,"3":2,"4":3,"5":3,"6":0,"7":9,"8":6,"9":29,"10":4,"11":2,"12":10,"13":6,"14":29,"15":3,"16":2,"17":1,"18":1,"19":1,"20":20},"fnMap":{"1":{"name":"onlyRole","line":98,"loc":{"start":{"line":98,"column":4},"end":{"line":101,"column":4}}},"2":{"name":"constructor","line":110,"loc":{"start":{"line":110,"column":4},"end":{"line":118,"column":4}}},"3":{"name":"getDroneFlightFactoryAddress","line":128,"loc":{"start":{"line":125,"column":4},"end":{"line":132,"column":4}}},"4":{"name":"setDroneFlightFactoryAddress","line":139,"loc":{"start":{"line":139,"column":4},"end":{"line":149,"column":4}}},"5":{"name":"getDroneFlightAddressList","line":156,"loc":{"start":{"line":156,"column":4},"end":{"line":168,"column":4}}},"6":{"name":"getDroneFlightAddress","line":180,"loc":{"start":{"line":177,"column":4},"end":{"line":184,"column":4}}},"7":{"name":"getPilotList","line":194,"loc":{"start":{"line":191,"column":4},"end":{"line":198,"column":4}}},"8":{"name":"getPilot","line":207,"loc":{"start":{"line":207,"column":4},"end":{"line":226,"column":4}}},"9":{"name":"addPilot","line":238,"loc":{"start":{"line":236,"column":4},"end":{"line":272,"column":4}}},"10":{"name":"deletePilot","line":281,"loc":{"start":{"line":279,"column":4},"end":{"line":294,"column":4}}},"11":{"name":"getPilotIndex","line":306,"loc":{"start":{"line":303,"column":4},"end":{"line":310,"column":4}}},"12":{"name":"getDroneList","line":317,"loc":{"start":{"line":317,"column":4},"end":{"line":328,"column":4}}},"13":{"name":"getDrone","line":337,"loc":{"start":{"line":337,"column":4},"end":{"line":356,"column":4}}},"14":{"name":"addDrone","line":371,"loc":{"start":{"line":367,"column":4},"end":{"line":405,"column":4}}},"15":{"name":"deleteDrone","line":414,"loc":{"start":{"line":412,"column":4},"end":{"line":427,"column":4}}},"16":{"name":"getDroneIndex","line":439,"loc":{"start":{"line":436,"column":4},"end":{"line":443,"column":4}}},"17":{"name":"getAccessControlAddress","line":450,"loc":{"start":{"line":450,"column":4},"end":{"line":452,"column":4}}},"18":{"name":"getConopsManager","line":459,"loc":{"start":{"line":459,"column":4},"end":{"line":461,"column":4}}},"19":{"name":"getDeliveryManager","line":468,"loc":{"start":{"line":468,"column":4},"end":{"line":470,"column":4}}},"20":{"name":"addDroneFlight","line":481,"loc":{"start":{"line":481,"column":4},"end":{"line":505,"column":4}}}},"statementMap":{"1":{"start":{"line":99,"column":8},"end":{"line":99,"column":74}},"2":{"start":{"line":115,"column":8},"end":{"line":115,"column":60}},"3":{"start":{"line":116,"column":8},"end":{"line":116,"column":60}},"4":{"start":{"line":117,"column":8},"end":{"line":117,"column":66}},"5":{"start":{"line":131,"column":8},"end":{"line":131,"column":40}},"6":{"start":{"line":142,"column":8},"end":{"line":142,"column":3599}},"7":{"start":{"line":148,"column":8},"end":{"line":148,"column":61}},"8":{"start":{"line":161,"column":8},"end":{"line":161,"column":4117}},"9":{"start":{"line":167,"column":8},"end":{"line":167,"column":37}},"10":{"start":{"line":183,"column":8},"end":{"line":183,"column":53}},"11":{"start":{"line":197,"column":8},"end":{"line":197,"column":24}},"12":{"start":{"line":212,"column":8},"end":{"line":212,"column":5369}},"13":{"start":{"line":217,"column":8},"end":{"line":217,"column":57}},"14":{"start":{"line":218,"column":8},"end":{"line":218,"column":67}},"15":{"start":{"line":219,"column":8},"end":{"line":219,"column":5690}},"16":{"start":{"line":225,"column":8},"end":{"line":225,"column":36}},"17":{"start":{"line":240,"column":8},"end":{"line":240,"column":72}},"18":{"start":{"line":242,"column":8},"end":{"line":242,"column":43}},"19":{"start":{"line":243,"column":8},"end":{"line":243,"column":57}},"20":{"start":{"line":245,"column":8},"end":{"line":245,"column":6511}},"21":{"start":{"line":249,"column":12},"end":{"line":249,"column":40}},"22":{"start":{"line":252,"column":8},"end":{"line":252,"column":6699}},"23":{"start":{"line":258,"column":8},"end":{"line":258,"column":30}},"24":{"start":{"line":259,"column":8},"end":{"line":259,"column":30}},"25":{"start":{"line":261,"column":8},"end":{"line":261,"column":6932}},"26":{"start":{"line":262,"column":12},"end":{"line":262,"column":45}},"27":{"start":{"line":263,"column":12},"end":{"line":263,"column":32}},"28":{"start":{"line":264,"column":12},"end":{"line":264,"column":56}},"29":{"start":{"line":265,"column":12},"end":{"line":265,"column":57}},"30":{"start":{"line":266,"column":12},"end":{"line":266,"column":55}},"31":{"start":{"line":268,"column":12},"end":{"line":268,"column":40}},"32":{"start":{"line":271,"column":8},"end":{"line":271,"column":38}},"33":{"start":{"line":283,"column":8},"end":{"line":283,"column":57}},"34":{"start":{"line":284,"column":8},"end":{"line":284,"column":67}},"35":{"start":{"line":285,"column":8},"end":{"line":285,"column":7743}},"36":{"start":{"line":291,"column":8},"end":{"line":291,"column":45}},"37":{"start":{"line":293,"column":8},"end":{"line":293,"column":40}},"38":{"start":{"line":309,"column":8},"end":{"line":309,"column":43}},"39":{"start":{"line":322,"column":8},"end":{"line":322,"column":8625}},"40":{"start":{"line":327,"column":8},"end":{"line":327,"column":24}},"41":{"start":{"line":342,"column":8},"end":{"line":342,"column":9179}},"42":{"start":{"line":347,"column":8},"end":{"line":347,"column":57}},"43":{"start":{"line":348,"column":8},"end":{"line":348,"column":67}},"44":{"start":{"line":349,"column":8},"end":{"line":349,"column":9500}},"45":{"start":{"line":355,"column":8},"end":{"line":355,"column":36}},"46":{"start":{"line":372,"column":8},"end":{"line":372,"column":72}},"47":{"start":{"line":374,"column":8},"end":{"line":374,"column":43}},"48":{"start":{"line":375,"column":8},"end":{"line":375,"column":57}},"49":{"start":{"line":377,"column":8},"end":{"line":377,"column":10392}},"50":{"start":{"line":381,"column":12},"end":{"line":381,"column":40}},"51":{"start":{"line":384,"column":8},"end":{"line":384,"column":10580}},"52":{"start":{"line":390,"column":8},"end":{"line":390,"column":30}},"53":{"start":{"line":391,"column":8},"end":{"line":391,"column":31}},"54":{"start":{"line":392,"column":8},"end":{"line":392,"column":35}},"55":{"start":{"line":394,"column":8},"end":{"line":394,"column":10852}},"56":{"start":{"line":395,"column":12},"end":{"line":395,"column":45}},"57":{"start":{"line":396,"column":12},"end":{"line":396,"column":32}},"58":{"start":{"line":397,"column":12},"end":{"line":397,"column":56}},"59":{"start":{"line":398,"column":12},"end":{"line":398,"column":57}},"60":{"start":{"line":399,"column":12},"end":{"line":399,"column":55}},"61":{"start":{"line":401,"column":12},"end":{"line":401,"column":40}},"62":{"start":{"line":404,"column":8},"end":{"line":404,"column":38}},"63":{"start":{"line":416,"column":8},"end":{"line":416,"column":57}},"64":{"start":{"line":417,"column":8},"end":{"line":417,"column":67}},"65":{"start":{"line":418,"column":8},"end":{"line":418,"column":11663}},"66":{"start":{"line":424,"column":8},"end":{"line":424,"column":45}},"67":{"start":{"line":426,"column":8},"end":{"line":426,"column":40}},"68":{"start":{"line":442,"column":8},"end":{"line":442,"column":43}},"69":{"start":{"line":451,"column":8},"end":{"line":451,"column":37}},"70":{"start":{"line":460,"column":8},"end":{"line":460,"column":37}},"71":{"start":{"line":469,"column":8},"end":{"line":469,"column":39}},"72":{"start":{"line":487,"column":8},"end":{"line":487,"column":57}},"73":{"start":{"line":488,"column":8},"end":{"line":488,"column":67}},"74":{"start":{"line":489,"column":8},"end":{"line":489,"column":13681}},"75":{"start":{"line":494,"column":8},"end":{"line":494,"column":57}},"76":{"start":{"line":495,"column":8},"end":{"line":495,"column":67}},"77":{"start":{"line":496,"column":8},"end":{"line":496,"column":14002}},"78":{"start":{"line":502,"column":8},"end":{"line":502,"column":55}},"79":{"start":{"line":503,"column":8},"end":{"line":503,"column":70}},"80":{"start":{"line":504,"column":8},"end":{"line":504,"column":70}}},"branchMap":{"1":{"line":99,"type":"if","locations":[{"start":{"line":99,"column":8},"end":{"line":99,"column":8}},{"start":{"line":99,"column":8},"end":{"line":99,"column":8}}]},"2":{"line":142,"type":"if","locations":[{"start":{"line":142,"column":8},"end":{"line":142,"column":8}},{"start":{"line":142,"column":8},"end":{"line":142,"column":8}}]},"3":{"line":161,"type":"if","locations":[{"start":{"line":161,"column":8},"end":{"line":161,"column":8}},{"start":{"line":161,"column":8},"end":{"line":161,"column":8}}]},"4":{"line":212,"type":"if","locations":[{"start":{"line":212,"column":8},"end":{"line":212,"column":8}},{"start":{"line":212,"column":8},"end":{"line":212,"column":8}}]},"5":{"line":218,"type":"if","locations":[{"start":{"line":218,"column":8},"end":{"line":218,"column":8}},{"start":{"line":218,"column":8},"end":{"line":218,"column":8}}]},"6":{"line":219,"type":"if","locations":[{"start":{"line":219,"column":8},"end":{"line":219,"column":8}},{"start":{"line":219,"column":8},"end":{"line":219,"column":8}}]},"7":{"line":240,"type":"if","locations":[{"start":{"line":240,"column":8},"end":{"line":240,"column":8}},{"start":{"line":240,"column":8},"end":{"line":240,"column":8}}]},"8":{"line":245,"type":"if","locations":[{"start":{"line":245,"column":8},"end":{"line":245,"column":8}},{"start":{"line":245,"column":8},"end":{"line":245,"column":8}}]},"9":{"line":252,"type":"if","locations":[{"start":{"line":252,"column":8},"end":{"line":252,"column":8}},{"start":{"line":252,"column":8},"end":{"line":252,"column":8}}]},"10":{"line":261,"type":"if","locations":[{"start":{"line":261,"column":8},"end":{"line":261,"column":8}},{"start":{"line":261,"column":8},"end":{"line":261,"column":8}}]},"11":{"line":284,"type":"if","locations":[{"start":{"line":284,"column":8},"end":{"line":284,"column":8}},{"start":{"line":284,"column":8},"end":{"line":284,"column":8}}]},"12":{"line":285,"type":"if","locations":[{"start":{"line":285,"column":8},"end":{"line":285,"column":8}},{"start":{"line":285,"column":8},"end":{"line":285,"column":8}}]},"13":{"line":322,"type":"if","locations":[{"start":{"line":322,"column":8},"end":{"line":322,"column":8}},{"start":{"line":322,"column":8},"end":{"line":322,"column":8}}]},"14":{"line":342,"type":"if","locations":[{"start":{"line":342,"column":8},"end":{"line":342,"column":8}},{"start":{"line":342,"column":8},"end":{"line":342,"column":8}}]},"15":{"line":348,"type":"if","locations":[{"start":{"line":348,"column":8},"end":{"line":348,"column":8}},{"start":{"line":348,"column":8},"end":{"line":348,"column":8}}]},"16":{"line":349,"type":"if","locations":[{"start":{"line":349,"column":8},"end":{"line":349,"column":8}},{"start":{"line":349,"column":8},"end":{"line":349,"column":8}}]},"17":{"line":372,"type":"if","locations":[{"start":{"line":372,"column":8},"end":{"line":372,"column":8}},{"start":{"line":372,"column":8},"end":{"line":372,"column":8}}]},"18":{"line":377,"type":"if","locations":[{"start":{"line":377,"column":8},"end":{"line":377,"column":8}},{"start":{"line":377,"column":8},"end":{"line":377,"column":8}}]},"19":{"line":384,"type":"if","locations":[{"start":{"line":384,"column":8},"end":{"line":384,"column":8}},{"start":{"line":384,"column":8},"end":{"line":384,"column":8}}]},"20":{"line":394,"type":"if","locations":[{"start":{"line":394,"column":8},"end":{"line":394,"column":8}},{"start":{"line":394,"column":8},"end":{"line":394,"column":8}}]},"21":{"line":417,"type":"if","locations":[{"start":{"line":417,"column":8},"end":{"line":417,"column":8}},{"start":{"line":417,"column":8},"end":{"line":417,"column":8}}]},"22":{"line":418,"type":"if","locations":[{"start":{"line":418,"column":8},"end":{"line":418,"column":8}},{"start":{"line":418,"column":8},"end":{"line":418,"column":8}}]},"23":{"line":488,"type":"if","locations":[{"start":{"line":488,"column":8},"end":{"line":488,"column":8}},{"start":{"line":488,"column":8},"end":{"line":488,"column":8}}]},"24":{"line":489,"type":"if","locations":[{"start":{"line":489,"column":8},"end":{"line":489,"column":8}},{"start":{"line":489,"column":8},"end":{"line":489,"column":8}}]},"25":{"line":495,"type":"if","locations":[{"start":{"line":495,"column":8},"end":{"line":495,"column":8}},{"start":{"line":495,"column":8},"end":{"line":495,"column":8}}]},"26":{"line":496,"type":"if","locations":[{"start":{"line":496,"column":8},"end":{"line":496,"column":8}},{"start":{"line":496,"column":8},"end":{"line":496,"column":8}}]}}},"contracts/SWAccessControl.sol":{"l":{"23":228,"24":228,"31":5},"path":"/home/fabien/alyra/Starwing/alyra-final-project/contracts/SWAccessControl.sol","s":{"1":228,"2":228,"3":5},"b":{},"f":{"1":228,"2":5},"fnMap":{"1":{"name":"constructor","line":22,"loc":{"start":{"line":22,"column":4},"end":{"line":25,"column":4}}},"2":{"name":"setRoleAdmin","line":29,"loc":{"start":{"line":27,"column":4},"end":{"line":32,"column":4}}}},"statementMap":{"1":{"start":{"line":23,"column":8},"end":{"line":23,"column":49}},"2":{"start":{"line":24,"column":8},"end":{"line":24,"column":41}},"3":{"start":{"line":31,"column":8},"end":{"line":31,"column":37}}},"branchMap":{}}}